Performing C SOURCE FILE Test OpenMP_FLAG_DETECTED failed with the following output:
Change Dir: /Users/derek/github/JETSCAPE-COMP/src/framework/build/CMakeFiles/CMakeTmp

Run Build Command:"/usr/bin/make" "cmTC_47ab2/fast"
/Library/Developer/CommandLineTools/usr/bin/make -f CMakeFiles/cmTC_47ab2.dir/build.make CMakeFiles/cmTC_47ab2.dir/build
Building C object CMakeFiles/cmTC_47ab2.dir/src.c.o
/Library/Developer/CommandLineTools/usr/bin/cc    -DOpenMP_FLAG_DETECTED   -o CMakeFiles/cmTC_47ab2.dir/src.c.o   -c /Users/derek/github/JETSCAPE-COMP/src/framework/build/CMakeFiles/CMakeTmp/src.c
/Users/derek/github/JETSCAPE-COMP/src/framework/build/CMakeFiles/CMakeTmp/src.c:2:10: fatal error: 'omp.h' file not found
#include <omp.h>
         ^~~~~~~
1 error generated.
make[1]: *** [CMakeFiles/cmTC_47ab2.dir/src.c.o] Error 1
make: *** [cmTC_47ab2/fast] Error 2

Source file was:

#include <omp.h>
int main() {
#ifdef _OPENMP
  return 0;
#else
  breaks_on_purpose
#endif
}

Performing C SOURCE FILE Test OpenMP_FLAG_DETECTED failed with the following output:
Change Dir: /Users/derek/github/JETSCAPE-COMP/src/framework/build/CMakeFiles/CMakeTmp

Run Build Command:"/usr/bin/make" "cmTC_53818/fast"
/Library/Developer/CommandLineTools/usr/bin/make -f CMakeFiles/cmTC_53818.dir/build.make CMakeFiles/cmTC_53818.dir/build
Building C object CMakeFiles/cmTC_53818.dir/src.c.o
/Library/Developer/CommandLineTools/usr/bin/cc    -DOpenMP_FLAG_DETECTED -fopenmp   -o CMakeFiles/cmTC_53818.dir/src.c.o   -c /Users/derek/github/JETSCAPE-COMP/src/framework/build/CMakeFiles/CMakeTmp/src.c
clang: error: unsupported option '-fopenmp'
make[1]: *** [CMakeFiles/cmTC_53818.dir/src.c.o] Error 1
make: *** [cmTC_53818/fast] Error 2

Source file was:

#include <omp.h>
int main() {
#ifdef _OPENMP
  return 0;
#else
  breaks_on_purpose
#endif
}

Performing C SOURCE FILE Test OpenMP_FLAG_DETECTED failed with the following output:
Change Dir: /Users/derek/github/JETSCAPE-COMP/src/framework/build/CMakeFiles/CMakeTmp

Run Build Command:"/usr/bin/make" "cmTC_e07c4/fast"
/Library/Developer/CommandLineTools/usr/bin/make -f CMakeFiles/cmTC_e07c4.dir/build.make CMakeFiles/cmTC_e07c4.dir/build
Building C object CMakeFiles/cmTC_e07c4.dir/src.c.o
/Library/Developer/CommandLineTools/usr/bin/cc    -DOpenMP_FLAG_DETECTED -fopenmp=libomp   -o CMakeFiles/cmTC_e07c4.dir/src.c.o   -c /Users/derek/github/JETSCAPE-COMP/src/framework/build/CMakeFiles/CMakeTmp/src.c
clang: error: unsupported argument 'libomp' to option 'fopenmp='
make[1]: *** [CMakeFiles/cmTC_e07c4.dir/src.c.o] Error 1
make: *** [cmTC_e07c4/fast] Error 2

Source file was:

#include <omp.h>
int main() {
#ifdef _OPENMP
  return 0;
#else
  breaks_on_purpose
#endif
}

Performing C SOURCE FILE Test OpenMP_FLAG_DETECTED failed with the following output:
Change Dir: /Users/derek/github/JETSCAPE-COMP/src/framework/build/CMakeFiles/CMakeTmp

Run Build Command:"/usr/bin/make" "cmTC_9124b/fast"
/Library/Developer/CommandLineTools/usr/bin/make -f CMakeFiles/cmTC_9124b.dir/build.make CMakeFiles/cmTC_9124b.dir/build
Building C object CMakeFiles/cmTC_9124b.dir/src.c.o
/Library/Developer/CommandLineTools/usr/bin/cc    -DOpenMP_FLAG_DETECTED /openmp   -o CMakeFiles/cmTC_9124b.dir/src.c.o   -c /Users/derek/github/JETSCAPE-COMP/src/framework/build/CMakeFiles/CMakeTmp/src.c
clang: error: no such file or directory: '/openmp'
make[1]: *** [CMakeFiles/cmTC_9124b.dir/src.c.o] Error 1
make: *** [cmTC_9124b/fast] Error 2

Source file was:

#include <omp.h>
int main() {
#ifdef _OPENMP
  return 0;
#else
  breaks_on_purpose
#endif
}

Performing C SOURCE FILE Test OpenMP_FLAG_DETECTED failed with the following output:
Change Dir: /Users/derek/github/JETSCAPE-COMP/src/framework/build/CMakeFiles/CMakeTmp

Run Build Command:"/usr/bin/make" "cmTC_3da66/fast"
/Library/Developer/CommandLineTools/usr/bin/make -f CMakeFiles/cmTC_3da66.dir/build.make CMakeFiles/cmTC_3da66.dir/build
Building C object CMakeFiles/cmTC_3da66.dir/src.c.o
/Library/Developer/CommandLineTools/usr/bin/cc    -DOpenMP_FLAG_DETECTED -Qopenmp   -o CMakeFiles/cmTC_3da66.dir/src.c.o   -c /Users/derek/github/JETSCAPE-COMP/src/framework/build/CMakeFiles/CMakeTmp/src.c
clang: error: unknown argument: '-Qopenmp'
make[1]: *** [CMakeFiles/cmTC_3da66.dir/src.c.o] Error 1
make: *** [cmTC_3da66/fast] Error 2

Source file was:

#include <omp.h>
int main() {
#ifdef _OPENMP
  return 0;
#else
  breaks_on_purpose
#endif
}

Performing C SOURCE FILE Test OpenMP_FLAG_DETECTED failed with the following output:
Change Dir: /Users/derek/github/JETSCAPE-COMP/src/framework/build/CMakeFiles/CMakeTmp

Run Build Command:"/usr/bin/make" "cmTC_e65f0/fast"
/Library/Developer/CommandLineTools/usr/bin/make -f CMakeFiles/cmTC_e65f0.dir/build.make CMakeFiles/cmTC_e65f0.dir/build
Building C object CMakeFiles/cmTC_e65f0.dir/src.c.o
/Library/Developer/CommandLineTools/usr/bin/cc    -DOpenMP_FLAG_DETECTED -openmp   -o CMakeFiles/cmTC_e65f0.dir/src.c.o   -c /Users/derek/github/JETSCAPE-COMP/src/framework/build/CMakeFiles/CMakeTmp/src.c
/Users/derek/github/JETSCAPE-COMP/src/framework/build/CMakeFiles/CMakeTmp/src.c:2:10: fatal error: 'omp.h' file not found
#include <omp.h>
         ^~~~~~~
1 error generated.
make[1]: *** [CMakeFiles/cmTC_e65f0.dir/src.c.o] Error 1
make: *** [cmTC_e65f0/fast] Error 2

Source file was:

#include <omp.h>
int main() {
#ifdef _OPENMP
  return 0;
#else
  breaks_on_purpose
#endif
}

Performing C SOURCE FILE Test OpenMP_FLAG_DETECTED failed with the following output:
Change Dir: /Users/derek/github/JETSCAPE-COMP/src/framework/build/CMakeFiles/CMakeTmp

Run Build Command:"/usr/bin/make" "cmTC_2ceff/fast"
/Library/Developer/CommandLineTools/usr/bin/make -f CMakeFiles/cmTC_2ceff.dir/build.make CMakeFiles/cmTC_2ceff.dir/build
Building C object CMakeFiles/cmTC_2ceff.dir/src.c.o
/Library/Developer/CommandLineTools/usr/bin/cc    -DOpenMP_FLAG_DETECTED -xopenmp   -o CMakeFiles/cmTC_2ceff.dir/src.c.o   -c /Users/derek/github/JETSCAPE-COMP/src/framework/build/CMakeFiles/CMakeTmp/src.c
clang: error: language not recognized: 'openmp'
clang: warning: /Users/derek/github/JETSCAPE-COMP/src/framework/build/CMakeFiles/CMakeTmp/src.c: 'linker' input unused [-Wunused-command-line-argument]
make[1]: *** [CMakeFiles/cmTC_2ceff.dir/src.c.o] Error 1
make: *** [cmTC_2ceff/fast] Error 2

Source file was:

#include <omp.h>
int main() {
#ifdef _OPENMP
  return 0;
#else
  breaks_on_purpose
#endif
}

Performing C SOURCE FILE Test OpenMP_FLAG_DETECTED failed with the following output:
Change Dir: /Users/derek/github/JETSCAPE-COMP/src/framework/build/CMakeFiles/CMakeTmp

Run Build Command:"/usr/bin/make" "cmTC_0e8d2/fast"
/Library/Developer/CommandLineTools/usr/bin/make -f CMakeFiles/cmTC_0e8d2.dir/build.make CMakeFiles/cmTC_0e8d2.dir/build
Building C object CMakeFiles/cmTC_0e8d2.dir/src.c.o
/Library/Developer/CommandLineTools/usr/bin/cc    -DOpenMP_FLAG_DETECTED +Oopenmp   -o CMakeFiles/cmTC_0e8d2.dir/src.c.o   -c /Users/derek/github/JETSCAPE-COMP/src/framework/build/CMakeFiles/CMakeTmp/src.c
clang: error: no such file or directory: '+Oopenmp'
make[1]: *** [CMakeFiles/cmTC_0e8d2.dir/src.c.o] Error 1
make: *** [cmTC_0e8d2/fast] Error 2

Source file was:

#include <omp.h>
int main() {
#ifdef _OPENMP
  return 0;
#else
  breaks_on_purpose
#endif
}

Performing C SOURCE FILE Test OpenMP_FLAG_DETECTED failed with the following output:
Change Dir: /Users/derek/github/JETSCAPE-COMP/src/framework/build/CMakeFiles/CMakeTmp

Run Build Command:"/usr/bin/make" "cmTC_4f2a6/fast"
/Library/Developer/CommandLineTools/usr/bin/make -f CMakeFiles/cmTC_4f2a6.dir/build.make CMakeFiles/cmTC_4f2a6.dir/build
Building C object CMakeFiles/cmTC_4f2a6.dir/src.c.o
/Library/Developer/CommandLineTools/usr/bin/cc    -DOpenMP_FLAG_DETECTED -qsmp   -o CMakeFiles/cmTC_4f2a6.dir/src.c.o   -c /Users/derek/github/JETSCAPE-COMP/src/framework/build/CMakeFiles/CMakeTmp/src.c
clang: error: unknown argument: '-qsmp'
make[1]: *** [CMakeFiles/cmTC_4f2a6.dir/src.c.o] Error 1
make: *** [cmTC_4f2a6/fast] Error 2

Source file was:

#include <omp.h>
int main() {
#ifdef _OPENMP
  return 0;
#else
  breaks_on_purpose
#endif
}

Performing C SOURCE FILE Test OpenMP_FLAG_DETECTED failed with the following output:
Change Dir: /Users/derek/github/JETSCAPE-COMP/src/framework/build/CMakeFiles/CMakeTmp

Run Build Command:"/usr/bin/make" "cmTC_d00b1/fast"
/Library/Developer/CommandLineTools/usr/bin/make -f CMakeFiles/cmTC_d00b1.dir/build.make CMakeFiles/cmTC_d00b1.dir/build
Building C object CMakeFiles/cmTC_d00b1.dir/src.c.o
/Library/Developer/CommandLineTools/usr/bin/cc    -DOpenMP_FLAG_DETECTED -mp   -o CMakeFiles/cmTC_d00b1.dir/src.c.o   -c /Users/derek/github/JETSCAPE-COMP/src/framework/build/CMakeFiles/CMakeTmp/src.c
clang: error: unknown argument: '-mp'
make[1]: *** [CMakeFiles/cmTC_d00b1.dir/src.c.o] Error 1
make: *** [cmTC_d00b1/fast] Error 2

Source file was:

#include <omp.h>
int main() {
#ifdef _OPENMP
  return 0;
#else
  breaks_on_purpose
#endif
}

Performing C++ SOURCE FILE Test OpenMP_FLAG_DETECTED failed with the following output:
Change Dir: /Users/derek/github/JETSCAPE-COMP/src/framework/build/CMakeFiles/CMakeTmp

Run Build Command:"/usr/bin/make" "cmTC_0382f/fast"
/Library/Developer/CommandLineTools/usr/bin/make -f CMakeFiles/cmTC_0382f.dir/build.make CMakeFiles/cmTC_0382f.dir/build
Building CXX object CMakeFiles/cmTC_0382f.dir/src.cxx.o
/Library/Developer/CommandLineTools/usr/bin/c++     -DOpenMP_FLAG_DETECTED   -o CMakeFiles/cmTC_0382f.dir/src.cxx.o -c /Users/derek/github/JETSCAPE-COMP/src/framework/build/CMakeFiles/CMakeTmp/src.cxx
/Users/derek/github/JETSCAPE-COMP/src/framework/build/CMakeFiles/CMakeTmp/src.cxx:2:10: fatal error: 'omp.h' file not found
#include <omp.h>
         ^~~~~~~
1 error generated.
make[1]: *** [CMakeFiles/cmTC_0382f.dir/src.cxx.o] Error 1
make: *** [cmTC_0382f/fast] Error 2

Source file was:

#include <omp.h>
int main() {
#ifdef _OPENMP
  return 0;
#else
  breaks_on_purpose
#endif
}

Performing C++ SOURCE FILE Test OpenMP_FLAG_DETECTED failed with the following output:
Change Dir: /Users/derek/github/JETSCAPE-COMP/src/framework/build/CMakeFiles/CMakeTmp

Run Build Command:"/usr/bin/make" "cmTC_933a4/fast"
/Library/Developer/CommandLineTools/usr/bin/make -f CMakeFiles/cmTC_933a4.dir/build.make CMakeFiles/cmTC_933a4.dir/build
Building CXX object CMakeFiles/cmTC_933a4.dir/src.cxx.o
/Library/Developer/CommandLineTools/usr/bin/c++     -DOpenMP_FLAG_DETECTED -fopenmp   -o CMakeFiles/cmTC_933a4.dir/src.cxx.o -c /Users/derek/github/JETSCAPE-COMP/src/framework/build/CMakeFiles/CMakeTmp/src.cxx
clang: error: unsupported option '-fopenmp'
make[1]: *** [CMakeFiles/cmTC_933a4.dir/src.cxx.o] Error 1
make: *** [cmTC_933a4/fast] Error 2

Source file was:

#include <omp.h>
int main() {
#ifdef _OPENMP
  return 0;
#else
  breaks_on_purpose
#endif
}

Performing C++ SOURCE FILE Test OpenMP_FLAG_DETECTED failed with the following output:
Change Dir: /Users/derek/github/JETSCAPE-COMP/src/framework/build/CMakeFiles/CMakeTmp

Run Build Command:"/usr/bin/make" "cmTC_17b80/fast"
/Library/Developer/CommandLineTools/usr/bin/make -f CMakeFiles/cmTC_17b80.dir/build.make CMakeFiles/cmTC_17b80.dir/build
Building CXX object CMakeFiles/cmTC_17b80.dir/src.cxx.o
/Library/Developer/CommandLineTools/usr/bin/c++     -DOpenMP_FLAG_DETECTED -fopenmp=libomp   -o CMakeFiles/cmTC_17b80.dir/src.cxx.o -c /Users/derek/github/JETSCAPE-COMP/src/framework/build/CMakeFiles/CMakeTmp/src.cxx
clang: error: unsupported argument 'libomp' to option 'fopenmp='
make[1]: *** [CMakeFiles/cmTC_17b80.dir/src.cxx.o] Error 1
make: *** [cmTC_17b80/fast] Error 2

Source file was:

#include <omp.h>
int main() {
#ifdef _OPENMP
  return 0;
#else
  breaks_on_purpose
#endif
}

Performing C++ SOURCE FILE Test OpenMP_FLAG_DETECTED failed with the following output:
Change Dir: /Users/derek/github/JETSCAPE-COMP/src/framework/build/CMakeFiles/CMakeTmp

Run Build Command:"/usr/bin/make" "cmTC_39ec5/fast"
/Library/Developer/CommandLineTools/usr/bin/make -f CMakeFiles/cmTC_39ec5.dir/build.make CMakeFiles/cmTC_39ec5.dir/build
Building CXX object CMakeFiles/cmTC_39ec5.dir/src.cxx.o
/Library/Developer/CommandLineTools/usr/bin/c++     -DOpenMP_FLAG_DETECTED /openmp   -o CMakeFiles/cmTC_39ec5.dir/src.cxx.o -c /Users/derek/github/JETSCAPE-COMP/src/framework/build/CMakeFiles/CMakeTmp/src.cxx
clang: error: no such file or directory: '/openmp'
make[1]: *** [CMakeFiles/cmTC_39ec5.dir/src.cxx.o] Error 1
make: *** [cmTC_39ec5/fast] Error 2

Source file was:

#include <omp.h>
int main() {
#ifdef _OPENMP
  return 0;
#else
  breaks_on_purpose
#endif
}

Performing C++ SOURCE FILE Test OpenMP_FLAG_DETECTED failed with the following output:
Change Dir: /Users/derek/github/JETSCAPE-COMP/src/framework/build/CMakeFiles/CMakeTmp

Run Build Command:"/usr/bin/make" "cmTC_d73a0/fast"
/Library/Developer/CommandLineTools/usr/bin/make -f CMakeFiles/cmTC_d73a0.dir/build.make CMakeFiles/cmTC_d73a0.dir/build
Building CXX object CMakeFiles/cmTC_d73a0.dir/src.cxx.o
/Library/Developer/CommandLineTools/usr/bin/c++     -DOpenMP_FLAG_DETECTED -Qopenmp   -o CMakeFiles/cmTC_d73a0.dir/src.cxx.o -c /Users/derek/github/JETSCAPE-COMP/src/framework/build/CMakeFiles/CMakeTmp/src.cxx
clang: error: unknown argument: '-Qopenmp'
make[1]: *** [CMakeFiles/cmTC_d73a0.dir/src.cxx.o] Error 1
make: *** [cmTC_d73a0/fast] Error 2

Source file was:

#include <omp.h>
int main() {
#ifdef _OPENMP
  return 0;
#else
  breaks_on_purpose
#endif
}

Performing C++ SOURCE FILE Test OpenMP_FLAG_DETECTED failed with the following output:
Change Dir: /Users/derek/github/JETSCAPE-COMP/src/framework/build/CMakeFiles/CMakeTmp

Run Build Command:"/usr/bin/make" "cmTC_065d6/fast"
/Library/Developer/CommandLineTools/usr/bin/make -f CMakeFiles/cmTC_065d6.dir/build.make CMakeFiles/cmTC_065d6.dir/build
Building CXX object CMakeFiles/cmTC_065d6.dir/src.cxx.o
/Library/Developer/CommandLineTools/usr/bin/c++     -DOpenMP_FLAG_DETECTED -openmp   -o CMakeFiles/cmTC_065d6.dir/src.cxx.o -c /Users/derek/github/JETSCAPE-COMP/src/framework/build/CMakeFiles/CMakeTmp/src.cxx
/Users/derek/github/JETSCAPE-COMP/src/framework/build/CMakeFiles/CMakeTmp/src.cxx:2:10: fatal error: 'omp.h' file not found
#include <omp.h>
         ^~~~~~~
1 error generated.
make[1]: *** [CMakeFiles/cmTC_065d6.dir/src.cxx.o] Error 1
make: *** [cmTC_065d6/fast] Error 2

Source file was:

#include <omp.h>
int main() {
#ifdef _OPENMP
  return 0;
#else
  breaks_on_purpose
#endif
}

Performing C++ SOURCE FILE Test OpenMP_FLAG_DETECTED failed with the following output:
Change Dir: /Users/derek/github/JETSCAPE-COMP/src/framework/build/CMakeFiles/CMakeTmp

Run Build Command:"/usr/bin/make" "cmTC_83e8f/fast"
/Library/Developer/CommandLineTools/usr/bin/make -f CMakeFiles/cmTC_83e8f.dir/build.make CMakeFiles/cmTC_83e8f.dir/build
Building CXX object CMakeFiles/cmTC_83e8f.dir/src.cxx.o
/Library/Developer/CommandLineTools/usr/bin/c++     -DOpenMP_FLAG_DETECTED -xopenmp   -o CMakeFiles/cmTC_83e8f.dir/src.cxx.o -c /Users/derek/github/JETSCAPE-COMP/src/framework/build/CMakeFiles/CMakeTmp/src.cxx
clang: error: language not recognized: 'openmp'
clang: warning: /Users/derek/github/JETSCAPE-COMP/src/framework/build/CMakeFiles/CMakeTmp/src.cxx: 'linker' input unused [-Wunused-command-line-argument]
make[1]: *** [CMakeFiles/cmTC_83e8f.dir/src.cxx.o] Error 1
make: *** [cmTC_83e8f/fast] Error 2

Source file was:

#include <omp.h>
int main() {
#ifdef _OPENMP
  return 0;
#else
  breaks_on_purpose
#endif
}

Performing C++ SOURCE FILE Test OpenMP_FLAG_DETECTED failed with the following output:
Change Dir: /Users/derek/github/JETSCAPE-COMP/src/framework/build/CMakeFiles/CMakeTmp

Run Build Command:"/usr/bin/make" "cmTC_e074e/fast"
/Library/Developer/CommandLineTools/usr/bin/make -f CMakeFiles/cmTC_e074e.dir/build.make CMakeFiles/cmTC_e074e.dir/build
Building CXX object CMakeFiles/cmTC_e074e.dir/src.cxx.o
/Library/Developer/CommandLineTools/usr/bin/c++     -DOpenMP_FLAG_DETECTED +Oopenmp   -o CMakeFiles/cmTC_e074e.dir/src.cxx.o -c /Users/derek/github/JETSCAPE-COMP/src/framework/build/CMakeFiles/CMakeTmp/src.cxx
clang: error: no such file or directory: '+Oopenmp'
make[1]: *** [CMakeFiles/cmTC_e074e.dir/src.cxx.o] Error 1
make: *** [cmTC_e074e/fast] Error 2

Source file was:

#include <omp.h>
int main() {
#ifdef _OPENMP
  return 0;
#else
  breaks_on_purpose
#endif
}

Performing C++ SOURCE FILE Test OpenMP_FLAG_DETECTED failed with the following output:
Change Dir: /Users/derek/github/JETSCAPE-COMP/src/framework/build/CMakeFiles/CMakeTmp

Run Build Command:"/usr/bin/make" "cmTC_752d7/fast"
/Library/Developer/CommandLineTools/usr/bin/make -f CMakeFiles/cmTC_752d7.dir/build.make CMakeFiles/cmTC_752d7.dir/build
Building CXX object CMakeFiles/cmTC_752d7.dir/src.cxx.o
/Library/Developer/CommandLineTools/usr/bin/c++     -DOpenMP_FLAG_DETECTED -qsmp   -o CMakeFiles/cmTC_752d7.dir/src.cxx.o -c /Users/derek/github/JETSCAPE-COMP/src/framework/build/CMakeFiles/CMakeTmp/src.cxx
clang: error: unknown argument: '-qsmp'
make[1]: *** [CMakeFiles/cmTC_752d7.dir/src.cxx.o] Error 1
make: *** [cmTC_752d7/fast] Error 2

Source file was:

#include <omp.h>
int main() {
#ifdef _OPENMP
  return 0;
#else
  breaks_on_purpose
#endif
}

Performing C++ SOURCE FILE Test OpenMP_FLAG_DETECTED failed with the following output:
Change Dir: /Users/derek/github/JETSCAPE-COMP/src/framework/build/CMakeFiles/CMakeTmp

Run Build Command:"/usr/bin/make" "cmTC_18e37/fast"
/Library/Developer/CommandLineTools/usr/bin/make -f CMakeFiles/cmTC_18e37.dir/build.make CMakeFiles/cmTC_18e37.dir/build
Building CXX object CMakeFiles/cmTC_18e37.dir/src.cxx.o
/Library/Developer/CommandLineTools/usr/bin/c++     -DOpenMP_FLAG_DETECTED -mp   -o CMakeFiles/cmTC_18e37.dir/src.cxx.o -c /Users/derek/github/JETSCAPE-COMP/src/framework/build/CMakeFiles/CMakeTmp/src.cxx
clang: error: unknown argument: '-mp'
make[1]: *** [CMakeFiles/cmTC_18e37.dir/src.cxx.o] Error 1
make: *** [cmTC_18e37/fast] Error 2

Source file was:

#include <omp.h>
int main() {
#ifdef _OPENMP
  return 0;
#else
  breaks_on_purpose
#endif
}

Performing C SOURCE FILE Test OpenMP_FLAG_DETECTED failed with the following output:
Change Dir: /Users/derek/github/JETSCAPE-COMP/src/framework/build/CMakeFiles/CMakeTmp

Run Build Command:"/usr/bin/make" "cmTC_dcaba/fast"
/Library/Developer/CommandLineTools/usr/bin/make -f CMakeFiles/cmTC_dcaba.dir/build.make CMakeFiles/cmTC_dcaba.dir/build
Building C object CMakeFiles/cmTC_dcaba.dir/src.c.o
/Library/Developer/CommandLineTools/usr/bin/cc    -DOpenMP_FLAG_DETECTED   -o CMakeFiles/cmTC_dcaba.dir/src.c.o   -c /Users/derek/github/JETSCAPE-COMP/src/framework/build/CMakeFiles/CMakeTmp/src.c
/Users/derek/github/JETSCAPE-COMP/src/framework/build/CMakeFiles/CMakeTmp/src.c:2:10: fatal error: 'omp.h' file not found
#include <omp.h>
         ^~~~~~~
1 error generated.
make[1]: *** [CMakeFiles/cmTC_dcaba.dir/src.c.o] Error 1
make: *** [cmTC_dcaba/fast] Error 2

Source file was:

#include <omp.h>
int main() {
#ifdef _OPENMP
  return 0;
#else
  breaks_on_purpose
#endif
}

Performing C SOURCE FILE Test OpenMP_FLAG_DETECTED failed with the following output:
Change Dir: /Users/derek/github/JETSCAPE-COMP/src/framework/build/CMakeFiles/CMakeTmp

Run Build Command:"/usr/bin/make" "cmTC_77cea/fast"
/Library/Developer/CommandLineTools/usr/bin/make -f CMakeFiles/cmTC_77cea.dir/build.make CMakeFiles/cmTC_77cea.dir/build
Building C object CMakeFiles/cmTC_77cea.dir/src.c.o
/Library/Developer/CommandLineTools/usr/bin/cc    -DOpenMP_FLAG_DETECTED -fopenmp   -o CMakeFiles/cmTC_77cea.dir/src.c.o   -c /Users/derek/github/JETSCAPE-COMP/src/framework/build/CMakeFiles/CMakeTmp/src.c
clang: error: unsupported option '-fopenmp'
make[1]: *** [CMakeFiles/cmTC_77cea.dir/src.c.o] Error 1
make: *** [cmTC_77cea/fast] Error 2

Source file was:

#include <omp.h>
int main() {
#ifdef _OPENMP
  return 0;
#else
  breaks_on_purpose
#endif
}

Performing C SOURCE FILE Test OpenMP_FLAG_DETECTED failed with the following output:
Change Dir: /Users/derek/github/JETSCAPE-COMP/src/framework/build/CMakeFiles/CMakeTmp

Run Build Command:"/usr/bin/make" "cmTC_a47b4/fast"
/Library/Developer/CommandLineTools/usr/bin/make -f CMakeFiles/cmTC_a47b4.dir/build.make CMakeFiles/cmTC_a47b4.dir/build
Building C object CMakeFiles/cmTC_a47b4.dir/src.c.o
/Library/Developer/CommandLineTools/usr/bin/cc    -DOpenMP_FLAG_DETECTED -fopenmp=libomp   -o CMakeFiles/cmTC_a47b4.dir/src.c.o   -c /Users/derek/github/JETSCAPE-COMP/src/framework/build/CMakeFiles/CMakeTmp/src.c
clang: error: unsupported argument 'libomp' to option 'fopenmp='
make[1]: *** [CMakeFiles/cmTC_a47b4.dir/src.c.o] Error 1
make: *** [cmTC_a47b4/fast] Error 2

Source file was:

#include <omp.h>
int main() {
#ifdef _OPENMP
  return 0;
#else
  breaks_on_purpose
#endif
}

Performing C SOURCE FILE Test OpenMP_FLAG_DETECTED failed with the following output:
Change Dir: /Users/derek/github/JETSCAPE-COMP/src/framework/build/CMakeFiles/CMakeTmp

Run Build Command:"/usr/bin/make" "cmTC_2cde3/fast"
/Library/Developer/CommandLineTools/usr/bin/make -f CMakeFiles/cmTC_2cde3.dir/build.make CMakeFiles/cmTC_2cde3.dir/build
Building C object CMakeFiles/cmTC_2cde3.dir/src.c.o
/Library/Developer/CommandLineTools/usr/bin/cc    -DOpenMP_FLAG_DETECTED /openmp   -o CMakeFiles/cmTC_2cde3.dir/src.c.o   -c /Users/derek/github/JETSCAPE-COMP/src/framework/build/CMakeFiles/CMakeTmp/src.c
clang: error: no such file or directory: '/openmp'
make[1]: *** [CMakeFiles/cmTC_2cde3.dir/src.c.o] Error 1
make: *** [cmTC_2cde3/fast] Error 2

Source file was:

#include <omp.h>
int main() {
#ifdef _OPENMP
  return 0;
#else
  breaks_on_purpose
#endif
}

Performing C SOURCE FILE Test OpenMP_FLAG_DETECTED failed with the following output:
Change Dir: /Users/derek/github/JETSCAPE-COMP/src/framework/build/CMakeFiles/CMakeTmp

Run Build Command:"/usr/bin/make" "cmTC_670ba/fast"
/Library/Developer/CommandLineTools/usr/bin/make -f CMakeFiles/cmTC_670ba.dir/build.make CMakeFiles/cmTC_670ba.dir/build
Building C object CMakeFiles/cmTC_670ba.dir/src.c.o
/Library/Developer/CommandLineTools/usr/bin/cc    -DOpenMP_FLAG_DETECTED -Qopenmp   -o CMakeFiles/cmTC_670ba.dir/src.c.o   -c /Users/derek/github/JETSCAPE-COMP/src/framework/build/CMakeFiles/CMakeTmp/src.c
clang: error: unknown argument: '-Qopenmp'
make[1]: *** [CMakeFiles/cmTC_670ba.dir/src.c.o] Error 1
make: *** [cmTC_670ba/fast] Error 2

Source file was:

#include <omp.h>
int main() {
#ifdef _OPENMP
  return 0;
#else
  breaks_on_purpose
#endif
}

Performing C SOURCE FILE Test OpenMP_FLAG_DETECTED failed with the following output:
Change Dir: /Users/derek/github/JETSCAPE-COMP/src/framework/build/CMakeFiles/CMakeTmp

Run Build Command:"/usr/bin/make" "cmTC_ce63d/fast"
/Library/Developer/CommandLineTools/usr/bin/make -f CMakeFiles/cmTC_ce63d.dir/build.make CMakeFiles/cmTC_ce63d.dir/build
Building C object CMakeFiles/cmTC_ce63d.dir/src.c.o
/Library/Developer/CommandLineTools/usr/bin/cc    -DOpenMP_FLAG_DETECTED -openmp   -o CMakeFiles/cmTC_ce63d.dir/src.c.o   -c /Users/derek/github/JETSCAPE-COMP/src/framework/build/CMakeFiles/CMakeTmp/src.c
/Users/derek/github/JETSCAPE-COMP/src/framework/build/CMakeFiles/CMakeTmp/src.c:2:10: fatal error: 'omp.h' file not found
#include <omp.h>
         ^~~~~~~
1 error generated.
make[1]: *** [CMakeFiles/cmTC_ce63d.dir/src.c.o] Error 1
make: *** [cmTC_ce63d/fast] Error 2

Source file was:

#include <omp.h>
int main() {
#ifdef _OPENMP
  return 0;
#else
  breaks_on_purpose
#endif
}

Performing C SOURCE FILE Test OpenMP_FLAG_DETECTED failed with the following output:
Change Dir: /Users/derek/github/JETSCAPE-COMP/src/framework/build/CMakeFiles/CMakeTmp

Run Build Command:"/usr/bin/make" "cmTC_c2b15/fast"
/Library/Developer/CommandLineTools/usr/bin/make -f CMakeFiles/cmTC_c2b15.dir/build.make CMakeFiles/cmTC_c2b15.dir/build
Building C object CMakeFiles/cmTC_c2b15.dir/src.c.o
/Library/Developer/CommandLineTools/usr/bin/cc    -DOpenMP_FLAG_DETECTED -xopenmp   -o CMakeFiles/cmTC_c2b15.dir/src.c.o   -c /Users/derek/github/JETSCAPE-COMP/src/framework/build/CMakeFiles/CMakeTmp/src.c
clang: error: language not recognized: 'openmp'
clang: warning: /Users/derek/github/JETSCAPE-COMP/src/framework/build/CMakeFiles/CMakeTmp/src.c: 'linker' input unused [-Wunused-command-line-argument]
make[1]: *** [CMakeFiles/cmTC_c2b15.dir/src.c.o] Error 1
make: *** [cmTC_c2b15/fast] Error 2

Source file was:

#include <omp.h>
int main() {
#ifdef _OPENMP
  return 0;
#else
  breaks_on_purpose
#endif
}

Performing C SOURCE FILE Test OpenMP_FLAG_DETECTED failed with the following output:
Change Dir: /Users/derek/github/JETSCAPE-COMP/src/framework/build/CMakeFiles/CMakeTmp

Run Build Command:"/usr/bin/make" "cmTC_df11c/fast"
/Library/Developer/CommandLineTools/usr/bin/make -f CMakeFiles/cmTC_df11c.dir/build.make CMakeFiles/cmTC_df11c.dir/build
Building C object CMakeFiles/cmTC_df11c.dir/src.c.o
/Library/Developer/CommandLineTools/usr/bin/cc    -DOpenMP_FLAG_DETECTED +Oopenmp   -o CMakeFiles/cmTC_df11c.dir/src.c.o   -c /Users/derek/github/JETSCAPE-COMP/src/framework/build/CMakeFiles/CMakeTmp/src.c
clang: error: no such file or directory: '+Oopenmp'
make[1]: *** [CMakeFiles/cmTC_df11c.dir/src.c.o] Error 1
make: *** [cmTC_df11c/fast] Error 2

Source file was:

#include <omp.h>
int main() {
#ifdef _OPENMP
  return 0;
#else
  breaks_on_purpose
#endif
}

Performing C SOURCE FILE Test OpenMP_FLAG_DETECTED failed with the following output:
Change Dir: /Users/derek/github/JETSCAPE-COMP/src/framework/build/CMakeFiles/CMakeTmp

Run Build Command:"/usr/bin/make" "cmTC_960ff/fast"
/Library/Developer/CommandLineTools/usr/bin/make -f CMakeFiles/cmTC_960ff.dir/build.make CMakeFiles/cmTC_960ff.dir/build
Building C object CMakeFiles/cmTC_960ff.dir/src.c.o
/Library/Developer/CommandLineTools/usr/bin/cc    -DOpenMP_FLAG_DETECTED -qsmp   -o CMakeFiles/cmTC_960ff.dir/src.c.o   -c /Users/derek/github/JETSCAPE-COMP/src/framework/build/CMakeFiles/CMakeTmp/src.c
clang: error: unknown argument: '-qsmp'
make[1]: *** [CMakeFiles/cmTC_960ff.dir/src.c.o] Error 1
make: *** [cmTC_960ff/fast] Error 2

Source file was:

#include <omp.h>
int main() {
#ifdef _OPENMP
  return 0;
#else
  breaks_on_purpose
#endif
}

Performing C SOURCE FILE Test OpenMP_FLAG_DETECTED failed with the following output:
Change Dir: /Users/derek/github/JETSCAPE-COMP/src/framework/build/CMakeFiles/CMakeTmp

Run Build Command:"/usr/bin/make" "cmTC_a47d6/fast"
/Library/Developer/CommandLineTools/usr/bin/make -f CMakeFiles/cmTC_a47d6.dir/build.make CMakeFiles/cmTC_a47d6.dir/build
Building C object CMakeFiles/cmTC_a47d6.dir/src.c.o
/Library/Developer/CommandLineTools/usr/bin/cc    -DOpenMP_FLAG_DETECTED -mp   -o CMakeFiles/cmTC_a47d6.dir/src.c.o   -c /Users/derek/github/JETSCAPE-COMP/src/framework/build/CMakeFiles/CMakeTmp/src.c
clang: error: unknown argument: '-mp'
make[1]: *** [CMakeFiles/cmTC_a47d6.dir/src.c.o] Error 1
make: *** [cmTC_a47d6/fast] Error 2

Source file was:

#include <omp.h>
int main() {
#ifdef _OPENMP
  return 0;
#else
  breaks_on_purpose
#endif
}

Performing C++ SOURCE FILE Test OpenMP_FLAG_DETECTED failed with the following output:
Change Dir: /Users/derek/github/JETSCAPE-COMP/src/framework/build/CMakeFiles/CMakeTmp

Run Build Command:"/usr/bin/make" "cmTC_bb4d4/fast"
/Library/Developer/CommandLineTools/usr/bin/make -f CMakeFiles/cmTC_bb4d4.dir/build.make CMakeFiles/cmTC_bb4d4.dir/build
Building CXX object CMakeFiles/cmTC_bb4d4.dir/src.cxx.o
/Library/Developer/CommandLineTools/usr/bin/c++     -DOpenMP_FLAG_DETECTED   -o CMakeFiles/cmTC_bb4d4.dir/src.cxx.o -c /Users/derek/github/JETSCAPE-COMP/src/framework/build/CMakeFiles/CMakeTmp/src.cxx
/Users/derek/github/JETSCAPE-COMP/src/framework/build/CMakeFiles/CMakeTmp/src.cxx:2:10: fatal error: 'omp.h' file not found
#include <omp.h>
         ^~~~~~~
1 error generated.
make[1]: *** [CMakeFiles/cmTC_bb4d4.dir/src.cxx.o] Error 1
make: *** [cmTC_bb4d4/fast] Error 2

Source file was:

#include <omp.h>
int main() {
#ifdef _OPENMP
  return 0;
#else
  breaks_on_purpose
#endif
}

Performing C++ SOURCE FILE Test OpenMP_FLAG_DETECTED failed with the following output:
Change Dir: /Users/derek/github/JETSCAPE-COMP/src/framework/build/CMakeFiles/CMakeTmp

Run Build Command:"/usr/bin/make" "cmTC_37c4d/fast"
/Library/Developer/CommandLineTools/usr/bin/make -f CMakeFiles/cmTC_37c4d.dir/build.make CMakeFiles/cmTC_37c4d.dir/build
Building CXX object CMakeFiles/cmTC_37c4d.dir/src.cxx.o
/Library/Developer/CommandLineTools/usr/bin/c++     -DOpenMP_FLAG_DETECTED -fopenmp   -o CMakeFiles/cmTC_37c4d.dir/src.cxx.o -c /Users/derek/github/JETSCAPE-COMP/src/framework/build/CMakeFiles/CMakeTmp/src.cxx
clang: error: unsupported option '-fopenmp'
make[1]: *** [CMakeFiles/cmTC_37c4d.dir/src.cxx.o] Error 1
make: *** [cmTC_37c4d/fast] Error 2

Source file was:

#include <omp.h>
int main() {
#ifdef _OPENMP
  return 0;
#else
  breaks_on_purpose
#endif
}

Performing C++ SOURCE FILE Test OpenMP_FLAG_DETECTED failed with the following output:
Change Dir: /Users/derek/github/JETSCAPE-COMP/src/framework/build/CMakeFiles/CMakeTmp

Run Build Command:"/usr/bin/make" "cmTC_baa63/fast"
/Library/Developer/CommandLineTools/usr/bin/make -f CMakeFiles/cmTC_baa63.dir/build.make CMakeFiles/cmTC_baa63.dir/build
Building CXX object CMakeFiles/cmTC_baa63.dir/src.cxx.o
/Library/Developer/CommandLineTools/usr/bin/c++     -DOpenMP_FLAG_DETECTED -fopenmp=libomp   -o CMakeFiles/cmTC_baa63.dir/src.cxx.o -c /Users/derek/github/JETSCAPE-COMP/src/framework/build/CMakeFiles/CMakeTmp/src.cxx
clang: error: unsupported argument 'libomp' to option 'fopenmp='
make[1]: *** [CMakeFiles/cmTC_baa63.dir/src.cxx.o] Error 1
make: *** [cmTC_baa63/fast] Error 2

Source file was:

#include <omp.h>
int main() {
#ifdef _OPENMP
  return 0;
#else
  breaks_on_purpose
#endif
}

Performing C++ SOURCE FILE Test OpenMP_FLAG_DETECTED failed with the following output:
Change Dir: /Users/derek/github/JETSCAPE-COMP/src/framework/build/CMakeFiles/CMakeTmp

Run Build Command:"/usr/bin/make" "cmTC_72aa0/fast"
/Library/Developer/CommandLineTools/usr/bin/make -f CMakeFiles/cmTC_72aa0.dir/build.make CMakeFiles/cmTC_72aa0.dir/build
Building CXX object CMakeFiles/cmTC_72aa0.dir/src.cxx.o
/Library/Developer/CommandLineTools/usr/bin/c++     -DOpenMP_FLAG_DETECTED /openmp   -o CMakeFiles/cmTC_72aa0.dir/src.cxx.o -c /Users/derek/github/JETSCAPE-COMP/src/framework/build/CMakeFiles/CMakeTmp/src.cxx
clang: error: no such file or directory: '/openmp'
make[1]: *** [CMakeFiles/cmTC_72aa0.dir/src.cxx.o] Error 1
make: *** [cmTC_72aa0/fast] Error 2

Source file was:

#include <omp.h>
int main() {
#ifdef _OPENMP
  return 0;
#else
  breaks_on_purpose
#endif
}

Performing C++ SOURCE FILE Test OpenMP_FLAG_DETECTED failed with the following output:
Change Dir: /Users/derek/github/JETSCAPE-COMP/src/framework/build/CMakeFiles/CMakeTmp

Run Build Command:"/usr/bin/make" "cmTC_3c06e/fast"
/Library/Developer/CommandLineTools/usr/bin/make -f CMakeFiles/cmTC_3c06e.dir/build.make CMakeFiles/cmTC_3c06e.dir/build
Building CXX object CMakeFiles/cmTC_3c06e.dir/src.cxx.o
/Library/Developer/CommandLineTools/usr/bin/c++     -DOpenMP_FLAG_DETECTED -Qopenmp   -o CMakeFiles/cmTC_3c06e.dir/src.cxx.o -c /Users/derek/github/JETSCAPE-COMP/src/framework/build/CMakeFiles/CMakeTmp/src.cxx
clang: error: unknown argument: '-Qopenmp'
make[1]: *** [CMakeFiles/cmTC_3c06e.dir/src.cxx.o] Error 1
make: *** [cmTC_3c06e/fast] Error 2

Source file was:

#include <omp.h>
int main() {
#ifdef _OPENMP
  return 0;
#else
  breaks_on_purpose
#endif
}

Performing C++ SOURCE FILE Test OpenMP_FLAG_DETECTED failed with the following output:
Change Dir: /Users/derek/github/JETSCAPE-COMP/src/framework/build/CMakeFiles/CMakeTmp

Run Build Command:"/usr/bin/make" "cmTC_4b687/fast"
/Library/Developer/CommandLineTools/usr/bin/make -f CMakeFiles/cmTC_4b687.dir/build.make CMakeFiles/cmTC_4b687.dir/build
Building CXX object CMakeFiles/cmTC_4b687.dir/src.cxx.o
/Library/Developer/CommandLineTools/usr/bin/c++     -DOpenMP_FLAG_DETECTED -openmp   -o CMakeFiles/cmTC_4b687.dir/src.cxx.o -c /Users/derek/github/JETSCAPE-COMP/src/framework/build/CMakeFiles/CMakeTmp/src.cxx
/Users/derek/github/JETSCAPE-COMP/src/framework/build/CMakeFiles/CMakeTmp/src.cxx:2:10: fatal error: 'omp.h' file not found
#include <omp.h>
         ^~~~~~~
1 error generated.
make[1]: *** [CMakeFiles/cmTC_4b687.dir/src.cxx.o] Error 1
make: *** [cmTC_4b687/fast] Error 2

Source file was:

#include <omp.h>
int main() {
#ifdef _OPENMP
  return 0;
#else
  breaks_on_purpose
#endif
}

Performing C++ SOURCE FILE Test OpenMP_FLAG_DETECTED failed with the following output:
Change Dir: /Users/derek/github/JETSCAPE-COMP/src/framework/build/CMakeFiles/CMakeTmp

Run Build Command:"/usr/bin/make" "cmTC_26a4e/fast"
/Library/Developer/CommandLineTools/usr/bin/make -f CMakeFiles/cmTC_26a4e.dir/build.make CMakeFiles/cmTC_26a4e.dir/build
Building CXX object CMakeFiles/cmTC_26a4e.dir/src.cxx.o
/Library/Developer/CommandLineTools/usr/bin/c++     -DOpenMP_FLAG_DETECTED -xopenmp   -o CMakeFiles/cmTC_26a4e.dir/src.cxx.o -c /Users/derek/github/JETSCAPE-COMP/src/framework/build/CMakeFiles/CMakeTmp/src.cxx
clang: error: language not recognized: 'openmp'
clang: warning: /Users/derek/github/JETSCAPE-COMP/src/framework/build/CMakeFiles/CMakeTmp/src.cxx: 'linker' input unused [-Wunused-command-line-argument]
make[1]: *** [CMakeFiles/cmTC_26a4e.dir/src.cxx.o] Error 1
make: *** [cmTC_26a4e/fast] Error 2

Source file was:

#include <omp.h>
int main() {
#ifdef _OPENMP
  return 0;
#else
  breaks_on_purpose
#endif
}

Performing C++ SOURCE FILE Test OpenMP_FLAG_DETECTED failed with the following output:
Change Dir: /Users/derek/github/JETSCAPE-COMP/src/framework/build/CMakeFiles/CMakeTmp

Run Build Command:"/usr/bin/make" "cmTC_95448/fast"
/Library/Developer/CommandLineTools/usr/bin/make -f CMakeFiles/cmTC_95448.dir/build.make CMakeFiles/cmTC_95448.dir/build
Building CXX object CMakeFiles/cmTC_95448.dir/src.cxx.o
/Library/Developer/CommandLineTools/usr/bin/c++     -DOpenMP_FLAG_DETECTED +Oopenmp   -o CMakeFiles/cmTC_95448.dir/src.cxx.o -c /Users/derek/github/JETSCAPE-COMP/src/framework/build/CMakeFiles/CMakeTmp/src.cxx
clang: error: no such file or directory: '+Oopenmp'
make[1]: *** [CMakeFiles/cmTC_95448.dir/src.cxx.o] Error 1
make: *** [cmTC_95448/fast] Error 2

Source file was:

#include <omp.h>
int main() {
#ifdef _OPENMP
  return 0;
#else
  breaks_on_purpose
#endif
}

Performing C++ SOURCE FILE Test OpenMP_FLAG_DETECTED failed with the following output:
Change Dir: /Users/derek/github/JETSCAPE-COMP/src/framework/build/CMakeFiles/CMakeTmp

Run Build Command:"/usr/bin/make" "cmTC_8ba4a/fast"
/Library/Developer/CommandLineTools/usr/bin/make -f CMakeFiles/cmTC_8ba4a.dir/build.make CMakeFiles/cmTC_8ba4a.dir/build
Building CXX object CMakeFiles/cmTC_8ba4a.dir/src.cxx.o
/Library/Developer/CommandLineTools/usr/bin/c++     -DOpenMP_FLAG_DETECTED -qsmp   -o CMakeFiles/cmTC_8ba4a.dir/src.cxx.o -c /Users/derek/github/JETSCAPE-COMP/src/framework/build/CMakeFiles/CMakeTmp/src.cxx
clang: error: unknown argument: '-qsmp'
make[1]: *** [CMakeFiles/cmTC_8ba4a.dir/src.cxx.o] Error 1
make: *** [cmTC_8ba4a/fast] Error 2

Source file was:

#include <omp.h>
int main() {
#ifdef _OPENMP
  return 0;
#else
  breaks_on_purpose
#endif
}

Performing C++ SOURCE FILE Test OpenMP_FLAG_DETECTED failed with the following output:
Change Dir: /Users/derek/github/JETSCAPE-COMP/src/framework/build/CMakeFiles/CMakeTmp

Run Build Command:"/usr/bin/make" "cmTC_8c6c9/fast"
/Library/Developer/CommandLineTools/usr/bin/make -f CMakeFiles/cmTC_8c6c9.dir/build.make CMakeFiles/cmTC_8c6c9.dir/build
Building CXX object CMakeFiles/cmTC_8c6c9.dir/src.cxx.o
/Library/Developer/CommandLineTools/usr/bin/c++     -DOpenMP_FLAG_DETECTED -mp   -o CMakeFiles/cmTC_8c6c9.dir/src.cxx.o -c /Users/derek/github/JETSCAPE-COMP/src/framework/build/CMakeFiles/CMakeTmp/src.cxx
clang: error: unknown argument: '-mp'
make[1]: *** [CMakeFiles/cmTC_8c6c9.dir/src.cxx.o] Error 1
make: *** [cmTC_8c6c9/fast] Error 2

Source file was:

#include <omp.h>
int main() {
#ifdef _OPENMP
  return 0;
#else
  breaks_on_purpose
#endif
}

Performing C SOURCE FILE Test OpenMP_FLAG_DETECTED failed with the following output:
Change Dir: /Users/derek/github/JETSCAPE-COMP/src/framework/build/CMakeFiles/CMakeTmp

Run Build Command:"/usr/bin/make" "cmTC_574a4/fast"
/Library/Developer/CommandLineTools/usr/bin/make -f CMakeFiles/cmTC_574a4.dir/build.make CMakeFiles/cmTC_574a4.dir/build
Building C object CMakeFiles/cmTC_574a4.dir/src.c.o
/Library/Developer/CommandLineTools/usr/bin/cc    -DOpenMP_FLAG_DETECTED   -o CMakeFiles/cmTC_574a4.dir/src.c.o   -c /Users/derek/github/JETSCAPE-COMP/src/framework/build/CMakeFiles/CMakeTmp/src.c
/Users/derek/github/JETSCAPE-COMP/src/framework/build/CMakeFiles/CMakeTmp/src.c:2:10: fatal error: 'omp.h' file not found
#include <omp.h>
         ^~~~~~~
1 error generated.
make[1]: *** [CMakeFiles/cmTC_574a4.dir/src.c.o] Error 1
make: *** [cmTC_574a4/fast] Error 2

Source file was:

#include <omp.h>
int main() {
#ifdef _OPENMP
  return 0;
#else
  breaks_on_purpose
#endif
}

Performing C SOURCE FILE Test OpenMP_FLAG_DETECTED failed with the following output:
Change Dir: /Users/derek/github/JETSCAPE-COMP/src/framework/build/CMakeFiles/CMakeTmp

Run Build Command:"/usr/bin/make" "cmTC_e80f7/fast"
/Library/Developer/CommandLineTools/usr/bin/make -f CMakeFiles/cmTC_e80f7.dir/build.make CMakeFiles/cmTC_e80f7.dir/build
Building C object CMakeFiles/cmTC_e80f7.dir/src.c.o
/Library/Developer/CommandLineTools/usr/bin/cc    -DOpenMP_FLAG_DETECTED -fopenmp   -o CMakeFiles/cmTC_e80f7.dir/src.c.o   -c /Users/derek/github/JETSCAPE-COMP/src/framework/build/CMakeFiles/CMakeTmp/src.c
clang: error: unsupported option '-fopenmp'
make[1]: *** [CMakeFiles/cmTC_e80f7.dir/src.c.o] Error 1
make: *** [cmTC_e80f7/fast] Error 2

Source file was:

#include <omp.h>
int main() {
#ifdef _OPENMP
  return 0;
#else
  breaks_on_purpose
#endif
}

Performing C SOURCE FILE Test OpenMP_FLAG_DETECTED failed with the following output:
Change Dir: /Users/derek/github/JETSCAPE-COMP/src/framework/build/CMakeFiles/CMakeTmp

Run Build Command:"/usr/bin/make" "cmTC_4bfa6/fast"
/Library/Developer/CommandLineTools/usr/bin/make -f CMakeFiles/cmTC_4bfa6.dir/build.make CMakeFiles/cmTC_4bfa6.dir/build
Building C object CMakeFiles/cmTC_4bfa6.dir/src.c.o
/Library/Developer/CommandLineTools/usr/bin/cc    -DOpenMP_FLAG_DETECTED -fopenmp=libomp   -o CMakeFiles/cmTC_4bfa6.dir/src.c.o   -c /Users/derek/github/JETSCAPE-COMP/src/framework/build/CMakeFiles/CMakeTmp/src.c
clang: error: unsupported argument 'libomp' to option 'fopenmp='
make[1]: *** [CMakeFiles/cmTC_4bfa6.dir/src.c.o] Error 1
make: *** [cmTC_4bfa6/fast] Error 2

Source file was:

#include <omp.h>
int main() {
#ifdef _OPENMP
  return 0;
#else
  breaks_on_purpose
#endif
}

Performing C SOURCE FILE Test OpenMP_FLAG_DETECTED failed with the following output:
Change Dir: /Users/derek/github/JETSCAPE-COMP/src/framework/build/CMakeFiles/CMakeTmp

Run Build Command:"/usr/bin/make" "cmTC_68e9d/fast"
/Library/Developer/CommandLineTools/usr/bin/make -f CMakeFiles/cmTC_68e9d.dir/build.make CMakeFiles/cmTC_68e9d.dir/build
Building C object CMakeFiles/cmTC_68e9d.dir/src.c.o
/Library/Developer/CommandLineTools/usr/bin/cc    -DOpenMP_FLAG_DETECTED /openmp   -o CMakeFiles/cmTC_68e9d.dir/src.c.o   -c /Users/derek/github/JETSCAPE-COMP/src/framework/build/CMakeFiles/CMakeTmp/src.c
clang: error: no such file or directory: '/openmp'
make[1]: *** [CMakeFiles/cmTC_68e9d.dir/src.c.o] Error 1
make: *** [cmTC_68e9d/fast] Error 2

Source file was:

#include <omp.h>
int main() {
#ifdef _OPENMP
  return 0;
#else
  breaks_on_purpose
#endif
}

Performing C SOURCE FILE Test OpenMP_FLAG_DETECTED failed with the following output:
Change Dir: /Users/derek/github/JETSCAPE-COMP/src/framework/build/CMakeFiles/CMakeTmp

Run Build Command:"/usr/bin/make" "cmTC_7faa6/fast"
/Library/Developer/CommandLineTools/usr/bin/make -f CMakeFiles/cmTC_7faa6.dir/build.make CMakeFiles/cmTC_7faa6.dir/build
Building C object CMakeFiles/cmTC_7faa6.dir/src.c.o
/Library/Developer/CommandLineTools/usr/bin/cc    -DOpenMP_FLAG_DETECTED -Qopenmp   -o CMakeFiles/cmTC_7faa6.dir/src.c.o   -c /Users/derek/github/JETSCAPE-COMP/src/framework/build/CMakeFiles/CMakeTmp/src.c
clang: error: unknown argument: '-Qopenmp'
make[1]: *** [CMakeFiles/cmTC_7faa6.dir/src.c.o] Error 1
make: *** [cmTC_7faa6/fast] Error 2

Source file was:

#include <omp.h>
int main() {
#ifdef _OPENMP
  return 0;
#else
  breaks_on_purpose
#endif
}

Performing C SOURCE FILE Test OpenMP_FLAG_DETECTED failed with the following output:
Change Dir: /Users/derek/github/JETSCAPE-COMP/src/framework/build/CMakeFiles/CMakeTmp

Run Build Command:"/usr/bin/make" "cmTC_e8856/fast"
/Library/Developer/CommandLineTools/usr/bin/make -f CMakeFiles/cmTC_e8856.dir/build.make CMakeFiles/cmTC_e8856.dir/build
Building C object CMakeFiles/cmTC_e8856.dir/src.c.o
/Library/Developer/CommandLineTools/usr/bin/cc    -DOpenMP_FLAG_DETECTED -openmp   -o CMakeFiles/cmTC_e8856.dir/src.c.o   -c /Users/derek/github/JETSCAPE-COMP/src/framework/build/CMakeFiles/CMakeTmp/src.c
/Users/derek/github/JETSCAPE-COMP/src/framework/build/CMakeFiles/CMakeTmp/src.c:2:10: fatal error: 'omp.h' file not found
#include <omp.h>
         ^~~~~~~
1 error generated.
make[1]: *** [CMakeFiles/cmTC_e8856.dir/src.c.o] Error 1
make: *** [cmTC_e8856/fast] Error 2

Source file was:

#include <omp.h>
int main() {
#ifdef _OPENMP
  return 0;
#else
  breaks_on_purpose
#endif
}

Performing C SOURCE FILE Test OpenMP_FLAG_DETECTED failed with the following output:
Change Dir: /Users/derek/github/JETSCAPE-COMP/src/framework/build/CMakeFiles/CMakeTmp

Run Build Command:"/usr/bin/make" "cmTC_92c39/fast"
/Library/Developer/CommandLineTools/usr/bin/make -f CMakeFiles/cmTC_92c39.dir/build.make CMakeFiles/cmTC_92c39.dir/build
Building C object CMakeFiles/cmTC_92c39.dir/src.c.o
/Library/Developer/CommandLineTools/usr/bin/cc    -DOpenMP_FLAG_DETECTED -xopenmp   -o CMakeFiles/cmTC_92c39.dir/src.c.o   -c /Users/derek/github/JETSCAPE-COMP/src/framework/build/CMakeFiles/CMakeTmp/src.c
clang: error: language not recognized: 'openmp'
clang: warning: /Users/derek/github/JETSCAPE-COMP/src/framework/build/CMakeFiles/CMakeTmp/src.c: 'linker' input unused [-Wunused-command-line-argument]
make[1]: *** [CMakeFiles/cmTC_92c39.dir/src.c.o] Error 1
make: *** [cmTC_92c39/fast] Error 2

Source file was:

#include <omp.h>
int main() {
#ifdef _OPENMP
  return 0;
#else
  breaks_on_purpose
#endif
}

Performing C SOURCE FILE Test OpenMP_FLAG_DETECTED failed with the following output:
Change Dir: /Users/derek/github/JETSCAPE-COMP/src/framework/build/CMakeFiles/CMakeTmp

Run Build Command:"/usr/bin/make" "cmTC_b435a/fast"
/Library/Developer/CommandLineTools/usr/bin/make -f CMakeFiles/cmTC_b435a.dir/build.make CMakeFiles/cmTC_b435a.dir/build
Building C object CMakeFiles/cmTC_b435a.dir/src.c.o
/Library/Developer/CommandLineTools/usr/bin/cc    -DOpenMP_FLAG_DETECTED +Oopenmp   -o CMakeFiles/cmTC_b435a.dir/src.c.o   -c /Users/derek/github/JETSCAPE-COMP/src/framework/build/CMakeFiles/CMakeTmp/src.c
clang: error: no such file or directory: '+Oopenmp'
make[1]: *** [CMakeFiles/cmTC_b435a.dir/src.c.o] Error 1
make: *** [cmTC_b435a/fast] Error 2

Source file was:

#include <omp.h>
int main() {
#ifdef _OPENMP
  return 0;
#else
  breaks_on_purpose
#endif
}

Performing C SOURCE FILE Test OpenMP_FLAG_DETECTED failed with the following output:
Change Dir: /Users/derek/github/JETSCAPE-COMP/src/framework/build/CMakeFiles/CMakeTmp

Run Build Command:"/usr/bin/make" "cmTC_db5e4/fast"
/Library/Developer/CommandLineTools/usr/bin/make -f CMakeFiles/cmTC_db5e4.dir/build.make CMakeFiles/cmTC_db5e4.dir/build
Building C object CMakeFiles/cmTC_db5e4.dir/src.c.o
/Library/Developer/CommandLineTools/usr/bin/cc    -DOpenMP_FLAG_DETECTED -qsmp   -o CMakeFiles/cmTC_db5e4.dir/src.c.o   -c /Users/derek/github/JETSCAPE-COMP/src/framework/build/CMakeFiles/CMakeTmp/src.c
clang: error: unknown argument: '-qsmp'
make[1]: *** [CMakeFiles/cmTC_db5e4.dir/src.c.o] Error 1
make: *** [cmTC_db5e4/fast] Error 2

Source file was:

#include <omp.h>
int main() {
#ifdef _OPENMP
  return 0;
#else
  breaks_on_purpose
#endif
}

Performing C SOURCE FILE Test OpenMP_FLAG_DETECTED failed with the following output:
Change Dir: /Users/derek/github/JETSCAPE-COMP/src/framework/build/CMakeFiles/CMakeTmp

Run Build Command:"/usr/bin/make" "cmTC_3b086/fast"
/Library/Developer/CommandLineTools/usr/bin/make -f CMakeFiles/cmTC_3b086.dir/build.make CMakeFiles/cmTC_3b086.dir/build
Building C object CMakeFiles/cmTC_3b086.dir/src.c.o
/Library/Developer/CommandLineTools/usr/bin/cc    -DOpenMP_FLAG_DETECTED -mp   -o CMakeFiles/cmTC_3b086.dir/src.c.o   -c /Users/derek/github/JETSCAPE-COMP/src/framework/build/CMakeFiles/CMakeTmp/src.c
clang: error: unknown argument: '-mp'
make[1]: *** [CMakeFiles/cmTC_3b086.dir/src.c.o] Error 1
make: *** [cmTC_3b086/fast] Error 2

Source file was:

#include <omp.h>
int main() {
#ifdef _OPENMP
  return 0;
#else
  breaks_on_purpose
#endif
}

Performing C++ SOURCE FILE Test OpenMP_FLAG_DETECTED failed with the following output:
Change Dir: /Users/derek/github/JETSCAPE-COMP/src/framework/build/CMakeFiles/CMakeTmp

Run Build Command:"/usr/bin/make" "cmTC_11798/fast"
/Library/Developer/CommandLineTools/usr/bin/make -f CMakeFiles/cmTC_11798.dir/build.make CMakeFiles/cmTC_11798.dir/build
Building CXX object CMakeFiles/cmTC_11798.dir/src.cxx.o
/Library/Developer/CommandLineTools/usr/bin/c++     -DOpenMP_FLAG_DETECTED   -o CMakeFiles/cmTC_11798.dir/src.cxx.o -c /Users/derek/github/JETSCAPE-COMP/src/framework/build/CMakeFiles/CMakeTmp/src.cxx
/Users/derek/github/JETSCAPE-COMP/src/framework/build/CMakeFiles/CMakeTmp/src.cxx:2:10: fatal error: 'omp.h' file not found
#include <omp.h>
         ^~~~~~~
1 error generated.
make[1]: *** [CMakeFiles/cmTC_11798.dir/src.cxx.o] Error 1
make: *** [cmTC_11798/fast] Error 2

Source file was:

#include <omp.h>
int main() {
#ifdef _OPENMP
  return 0;
#else
  breaks_on_purpose
#endif
}

Performing C++ SOURCE FILE Test OpenMP_FLAG_DETECTED failed with the following output:
Change Dir: /Users/derek/github/JETSCAPE-COMP/src/framework/build/CMakeFiles/CMakeTmp

Run Build Command:"/usr/bin/make" "cmTC_c7044/fast"
/Library/Developer/CommandLineTools/usr/bin/make -f CMakeFiles/cmTC_c7044.dir/build.make CMakeFiles/cmTC_c7044.dir/build
Building CXX object CMakeFiles/cmTC_c7044.dir/src.cxx.o
/Library/Developer/CommandLineTools/usr/bin/c++     -DOpenMP_FLAG_DETECTED -fopenmp   -o CMakeFiles/cmTC_c7044.dir/src.cxx.o -c /Users/derek/github/JETSCAPE-COMP/src/framework/build/CMakeFiles/CMakeTmp/src.cxx
clang: error: unsupported option '-fopenmp'
make[1]: *** [CMakeFiles/cmTC_c7044.dir/src.cxx.o] Error 1
make: *** [cmTC_c7044/fast] Error 2

Source file was:

#include <omp.h>
int main() {
#ifdef _OPENMP
  return 0;
#else
  breaks_on_purpose
#endif
}

Performing C++ SOURCE FILE Test OpenMP_FLAG_DETECTED failed with the following output:
Change Dir: /Users/derek/github/JETSCAPE-COMP/src/framework/build/CMakeFiles/CMakeTmp

Run Build Command:"/usr/bin/make" "cmTC_09455/fast"
/Library/Developer/CommandLineTools/usr/bin/make -f CMakeFiles/cmTC_09455.dir/build.make CMakeFiles/cmTC_09455.dir/build
Building CXX object CMakeFiles/cmTC_09455.dir/src.cxx.o
/Library/Developer/CommandLineTools/usr/bin/c++     -DOpenMP_FLAG_DETECTED -fopenmp=libomp   -o CMakeFiles/cmTC_09455.dir/src.cxx.o -c /Users/derek/github/JETSCAPE-COMP/src/framework/build/CMakeFiles/CMakeTmp/src.cxx
clang: error: unsupported argument 'libomp' to option 'fopenmp='
make[1]: *** [CMakeFiles/cmTC_09455.dir/src.cxx.o] Error 1
make: *** [cmTC_09455/fast] Error 2

Source file was:

#include <omp.h>
int main() {
#ifdef _OPENMP
  return 0;
#else
  breaks_on_purpose
#endif
}

Performing C++ SOURCE FILE Test OpenMP_FLAG_DETECTED failed with the following output:
Change Dir: /Users/derek/github/JETSCAPE-COMP/src/framework/build/CMakeFiles/CMakeTmp

Run Build Command:"/usr/bin/make" "cmTC_f87b6/fast"
/Library/Developer/CommandLineTools/usr/bin/make -f CMakeFiles/cmTC_f87b6.dir/build.make CMakeFiles/cmTC_f87b6.dir/build
Building CXX object CMakeFiles/cmTC_f87b6.dir/src.cxx.o
/Library/Developer/CommandLineTools/usr/bin/c++     -DOpenMP_FLAG_DETECTED /openmp   -o CMakeFiles/cmTC_f87b6.dir/src.cxx.o -c /Users/derek/github/JETSCAPE-COMP/src/framework/build/CMakeFiles/CMakeTmp/src.cxx
clang: error: no such file or directory: '/openmp'
make[1]: *** [CMakeFiles/cmTC_f87b6.dir/src.cxx.o] Error 1
make: *** [cmTC_f87b6/fast] Error 2

Source file was:

#include <omp.h>
int main() {
#ifdef _OPENMP
  return 0;
#else
  breaks_on_purpose
#endif
}

Performing C++ SOURCE FILE Test OpenMP_FLAG_DETECTED failed with the following output:
Change Dir: /Users/derek/github/JETSCAPE-COMP/src/framework/build/CMakeFiles/CMakeTmp

Run Build Command:"/usr/bin/make" "cmTC_0ddd1/fast"
/Library/Developer/CommandLineTools/usr/bin/make -f CMakeFiles/cmTC_0ddd1.dir/build.make CMakeFiles/cmTC_0ddd1.dir/build
Building CXX object CMakeFiles/cmTC_0ddd1.dir/src.cxx.o
/Library/Developer/CommandLineTools/usr/bin/c++     -DOpenMP_FLAG_DETECTED -Qopenmp   -o CMakeFiles/cmTC_0ddd1.dir/src.cxx.o -c /Users/derek/github/JETSCAPE-COMP/src/framework/build/CMakeFiles/CMakeTmp/src.cxx
clang: error: unknown argument: '-Qopenmp'
make[1]: *** [CMakeFiles/cmTC_0ddd1.dir/src.cxx.o] Error 1
make: *** [cmTC_0ddd1/fast] Error 2

Source file was:

#include <omp.h>
int main() {
#ifdef _OPENMP
  return 0;
#else
  breaks_on_purpose
#endif
}

Performing C++ SOURCE FILE Test OpenMP_FLAG_DETECTED failed with the following output:
Change Dir: /Users/derek/github/JETSCAPE-COMP/src/framework/build/CMakeFiles/CMakeTmp

Run Build Command:"/usr/bin/make" "cmTC_9476f/fast"
/Library/Developer/CommandLineTools/usr/bin/make -f CMakeFiles/cmTC_9476f.dir/build.make CMakeFiles/cmTC_9476f.dir/build
Building CXX object CMakeFiles/cmTC_9476f.dir/src.cxx.o
/Library/Developer/CommandLineTools/usr/bin/c++     -DOpenMP_FLAG_DETECTED -openmp   -o CMakeFiles/cmTC_9476f.dir/src.cxx.o -c /Users/derek/github/JETSCAPE-COMP/src/framework/build/CMakeFiles/CMakeTmp/src.cxx
/Users/derek/github/JETSCAPE-COMP/src/framework/build/CMakeFiles/CMakeTmp/src.cxx:2:10: fatal error: 'omp.h' file not found
#include <omp.h>
         ^~~~~~~
1 error generated.
make[1]: *** [CMakeFiles/cmTC_9476f.dir/src.cxx.o] Error 1
make: *** [cmTC_9476f/fast] Error 2

Source file was:

#include <omp.h>
int main() {
#ifdef _OPENMP
  return 0;
#else
  breaks_on_purpose
#endif
}

Performing C++ SOURCE FILE Test OpenMP_FLAG_DETECTED failed with the following output:
Change Dir: /Users/derek/github/JETSCAPE-COMP/src/framework/build/CMakeFiles/CMakeTmp

Run Build Command:"/usr/bin/make" "cmTC_9714d/fast"
/Library/Developer/CommandLineTools/usr/bin/make -f CMakeFiles/cmTC_9714d.dir/build.make CMakeFiles/cmTC_9714d.dir/build
Building CXX object CMakeFiles/cmTC_9714d.dir/src.cxx.o
/Library/Developer/CommandLineTools/usr/bin/c++     -DOpenMP_FLAG_DETECTED -xopenmp   -o CMakeFiles/cmTC_9714d.dir/src.cxx.o -c /Users/derek/github/JETSCAPE-COMP/src/framework/build/CMakeFiles/CMakeTmp/src.cxx
clang: error: language not recognized: 'openmp'
clang: warning: /Users/derek/github/JETSCAPE-COMP/src/framework/build/CMakeFiles/CMakeTmp/src.cxx: 'linker' input unused [-Wunused-command-line-argument]
make[1]: *** [CMakeFiles/cmTC_9714d.dir/src.cxx.o] Error 1
make: *** [cmTC_9714d/fast] Error 2

Source file was:

#include <omp.h>
int main() {
#ifdef _OPENMP
  return 0;
#else
  breaks_on_purpose
#endif
}

Performing C++ SOURCE FILE Test OpenMP_FLAG_DETECTED failed with the following output:
Change Dir: /Users/derek/github/JETSCAPE-COMP/src/framework/build/CMakeFiles/CMakeTmp

Run Build Command:"/usr/bin/make" "cmTC_9137c/fast"
/Library/Developer/CommandLineTools/usr/bin/make -f CMakeFiles/cmTC_9137c.dir/build.make CMakeFiles/cmTC_9137c.dir/build
Building CXX object CMakeFiles/cmTC_9137c.dir/src.cxx.o
/Library/Developer/CommandLineTools/usr/bin/c++     -DOpenMP_FLAG_DETECTED +Oopenmp   -o CMakeFiles/cmTC_9137c.dir/src.cxx.o -c /Users/derek/github/JETSCAPE-COMP/src/framework/build/CMakeFiles/CMakeTmp/src.cxx
clang: error: no such file or directory: '+Oopenmp'
make[1]: *** [CMakeFiles/cmTC_9137c.dir/src.cxx.o] Error 1
make: *** [cmTC_9137c/fast] Error 2

Source file was:

#include <omp.h>
int main() {
#ifdef _OPENMP
  return 0;
#else
  breaks_on_purpose
#endif
}

Performing C++ SOURCE FILE Test OpenMP_FLAG_DETECTED failed with the following output:
Change Dir: /Users/derek/github/JETSCAPE-COMP/src/framework/build/CMakeFiles/CMakeTmp

Run Build Command:"/usr/bin/make" "cmTC_d17aa/fast"
/Library/Developer/CommandLineTools/usr/bin/make -f CMakeFiles/cmTC_d17aa.dir/build.make CMakeFiles/cmTC_d17aa.dir/build
Building CXX object CMakeFiles/cmTC_d17aa.dir/src.cxx.o
/Library/Developer/CommandLineTools/usr/bin/c++     -DOpenMP_FLAG_DETECTED -qsmp   -o CMakeFiles/cmTC_d17aa.dir/src.cxx.o -c /Users/derek/github/JETSCAPE-COMP/src/framework/build/CMakeFiles/CMakeTmp/src.cxx
clang: error: unknown argument: '-qsmp'
make[1]: *** [CMakeFiles/cmTC_d17aa.dir/src.cxx.o] Error 1
make: *** [cmTC_d17aa/fast] Error 2

Source file was:

#include <omp.h>
int main() {
#ifdef _OPENMP
  return 0;
#else
  breaks_on_purpose
#endif
}

Performing C++ SOURCE FILE Test OpenMP_FLAG_DETECTED failed with the following output:
Change Dir: /Users/derek/github/JETSCAPE-COMP/src/framework/build/CMakeFiles/CMakeTmp

Run Build Command:"/usr/bin/make" "cmTC_88d4e/fast"
/Library/Developer/CommandLineTools/usr/bin/make -f CMakeFiles/cmTC_88d4e.dir/build.make CMakeFiles/cmTC_88d4e.dir/build
Building CXX object CMakeFiles/cmTC_88d4e.dir/src.cxx.o
/Library/Developer/CommandLineTools/usr/bin/c++     -DOpenMP_FLAG_DETECTED -mp   -o CMakeFiles/cmTC_88d4e.dir/src.cxx.o -c /Users/derek/github/JETSCAPE-COMP/src/framework/build/CMakeFiles/CMakeTmp/src.cxx
clang: error: unknown argument: '-mp'
make[1]: *** [CMakeFiles/cmTC_88d4e.dir/src.cxx.o] Error 1
make: *** [cmTC_88d4e/fast] Error 2

Source file was:

#include <omp.h>
int main() {
#ifdef _OPENMP
  return 0;
#else
  breaks_on_purpose
#endif
}

Performing C SOURCE FILE Test OpenMP_FLAG_DETECTED failed with the following output:
Change Dir: /Users/derek/github/JETSCAPE-COMP/src/framework/build/CMakeFiles/CMakeTmp

Run Build Command:"/usr/bin/make" "cmTC_2ffa7/fast"
/Library/Developer/CommandLineTools/usr/bin/make -f CMakeFiles/cmTC_2ffa7.dir/build.make CMakeFiles/cmTC_2ffa7.dir/build
Building C object CMakeFiles/cmTC_2ffa7.dir/src.c.o
/Library/Developer/CommandLineTools/usr/bin/cc    -DOpenMP_FLAG_DETECTED   -o CMakeFiles/cmTC_2ffa7.dir/src.c.o   -c /Users/derek/github/JETSCAPE-COMP/src/framework/build/CMakeFiles/CMakeTmp/src.c
/Users/derek/github/JETSCAPE-COMP/src/framework/build/CMakeFiles/CMakeTmp/src.c:2:10: fatal error: 'omp.h' file not found
#include <omp.h>
         ^~~~~~~
1 error generated.
make[1]: *** [CMakeFiles/cmTC_2ffa7.dir/src.c.o] Error 1
make: *** [cmTC_2ffa7/fast] Error 2

Source file was:

#include <omp.h>
int main() {
#ifdef _OPENMP
  return 0;
#else
  breaks_on_purpose
#endif
}

Performing C SOURCE FILE Test OpenMP_FLAG_DETECTED failed with the following output:
Change Dir: /Users/derek/github/JETSCAPE-COMP/src/framework/build/CMakeFiles/CMakeTmp

Run Build Command:"/usr/bin/make" "cmTC_bc780/fast"
/Library/Developer/CommandLineTools/usr/bin/make -f CMakeFiles/cmTC_bc780.dir/build.make CMakeFiles/cmTC_bc780.dir/build
Building C object CMakeFiles/cmTC_bc780.dir/src.c.o
/Library/Developer/CommandLineTools/usr/bin/cc    -DOpenMP_FLAG_DETECTED -fopenmp   -o CMakeFiles/cmTC_bc780.dir/src.c.o   -c /Users/derek/github/JETSCAPE-COMP/src/framework/build/CMakeFiles/CMakeTmp/src.c
clang: error: unsupported option '-fopenmp'
make[1]: *** [CMakeFiles/cmTC_bc780.dir/src.c.o] Error 1
make: *** [cmTC_bc780/fast] Error 2

Source file was:

#include <omp.h>
int main() {
#ifdef _OPENMP
  return 0;
#else
  breaks_on_purpose
#endif
}

Performing C SOURCE FILE Test OpenMP_FLAG_DETECTED failed with the following output:
Change Dir: /Users/derek/github/JETSCAPE-COMP/src/framework/build/CMakeFiles/CMakeTmp

Run Build Command:"/usr/bin/make" "cmTC_35fff/fast"
/Library/Developer/CommandLineTools/usr/bin/make -f CMakeFiles/cmTC_35fff.dir/build.make CMakeFiles/cmTC_35fff.dir/build
Building C object CMakeFiles/cmTC_35fff.dir/src.c.o
/Library/Developer/CommandLineTools/usr/bin/cc    -DOpenMP_FLAG_DETECTED -fopenmp=libomp   -o CMakeFiles/cmTC_35fff.dir/src.c.o   -c /Users/derek/github/JETSCAPE-COMP/src/framework/build/CMakeFiles/CMakeTmp/src.c
clang: error: unsupported argument 'libomp' to option 'fopenmp='
make[1]: *** [CMakeFiles/cmTC_35fff.dir/src.c.o] Error 1
make: *** [cmTC_35fff/fast] Error 2

Source file was:

#include <omp.h>
int main() {
#ifdef _OPENMP
  return 0;
#else
  breaks_on_purpose
#endif
}

Performing C SOURCE FILE Test OpenMP_FLAG_DETECTED failed with the following output:
Change Dir: /Users/derek/github/JETSCAPE-COMP/src/framework/build/CMakeFiles/CMakeTmp

Run Build Command:"/usr/bin/make" "cmTC_b5302/fast"
/Library/Developer/CommandLineTools/usr/bin/make -f CMakeFiles/cmTC_b5302.dir/build.make CMakeFiles/cmTC_b5302.dir/build
Building C object CMakeFiles/cmTC_b5302.dir/src.c.o
/Library/Developer/CommandLineTools/usr/bin/cc    -DOpenMP_FLAG_DETECTED /openmp   -o CMakeFiles/cmTC_b5302.dir/src.c.o   -c /Users/derek/github/JETSCAPE-COMP/src/framework/build/CMakeFiles/CMakeTmp/src.c
clang: error: no such file or directory: '/openmp'
make[1]: *** [CMakeFiles/cmTC_b5302.dir/src.c.o] Error 1
make: *** [cmTC_b5302/fast] Error 2

Source file was:

#include <omp.h>
int main() {
#ifdef _OPENMP
  return 0;
#else
  breaks_on_purpose
#endif
}

Performing C SOURCE FILE Test OpenMP_FLAG_DETECTED failed with the following output:
Change Dir: /Users/derek/github/JETSCAPE-COMP/src/framework/build/CMakeFiles/CMakeTmp

Run Build Command:"/usr/bin/make" "cmTC_f1e0c/fast"
/Library/Developer/CommandLineTools/usr/bin/make -f CMakeFiles/cmTC_f1e0c.dir/build.make CMakeFiles/cmTC_f1e0c.dir/build
Building C object CMakeFiles/cmTC_f1e0c.dir/src.c.o
/Library/Developer/CommandLineTools/usr/bin/cc    -DOpenMP_FLAG_DETECTED -Qopenmp   -o CMakeFiles/cmTC_f1e0c.dir/src.c.o   -c /Users/derek/github/JETSCAPE-COMP/src/framework/build/CMakeFiles/CMakeTmp/src.c
clang: error: unknown argument: '-Qopenmp'
make[1]: *** [CMakeFiles/cmTC_f1e0c.dir/src.c.o] Error 1
make: *** [cmTC_f1e0c/fast] Error 2

Source file was:

#include <omp.h>
int main() {
#ifdef _OPENMP
  return 0;
#else
  breaks_on_purpose
#endif
}

Performing C SOURCE FILE Test OpenMP_FLAG_DETECTED failed with the following output:
Change Dir: /Users/derek/github/JETSCAPE-COMP/src/framework/build/CMakeFiles/CMakeTmp

Run Build Command:"/usr/bin/make" "cmTC_d1fb3/fast"
/Library/Developer/CommandLineTools/usr/bin/make -f CMakeFiles/cmTC_d1fb3.dir/build.make CMakeFiles/cmTC_d1fb3.dir/build
Building C object CMakeFiles/cmTC_d1fb3.dir/src.c.o
/Library/Developer/CommandLineTools/usr/bin/cc    -DOpenMP_FLAG_DETECTED -openmp   -o CMakeFiles/cmTC_d1fb3.dir/src.c.o   -c /Users/derek/github/JETSCAPE-COMP/src/framework/build/CMakeFiles/CMakeTmp/src.c
/Users/derek/github/JETSCAPE-COMP/src/framework/build/CMakeFiles/CMakeTmp/src.c:2:10: fatal error: 'omp.h' file not found
#include <omp.h>
         ^~~~~~~
1 error generated.
make[1]: *** [CMakeFiles/cmTC_d1fb3.dir/src.c.o] Error 1
make: *** [cmTC_d1fb3/fast] Error 2

Source file was:

#include <omp.h>
int main() {
#ifdef _OPENMP
  return 0;
#else
  breaks_on_purpose
#endif
}

Performing C SOURCE FILE Test OpenMP_FLAG_DETECTED failed with the following output:
Change Dir: /Users/derek/github/JETSCAPE-COMP/src/framework/build/CMakeFiles/CMakeTmp

Run Build Command:"/usr/bin/make" "cmTC_dc7fa/fast"
/Library/Developer/CommandLineTools/usr/bin/make -f CMakeFiles/cmTC_dc7fa.dir/build.make CMakeFiles/cmTC_dc7fa.dir/build
Building C object CMakeFiles/cmTC_dc7fa.dir/src.c.o
/Library/Developer/CommandLineTools/usr/bin/cc    -DOpenMP_FLAG_DETECTED -xopenmp   -o CMakeFiles/cmTC_dc7fa.dir/src.c.o   -c /Users/derek/github/JETSCAPE-COMP/src/framework/build/CMakeFiles/CMakeTmp/src.c
clang: error: language not recognized: 'openmp'
clang: warning: /Users/derek/github/JETSCAPE-COMP/src/framework/build/CMakeFiles/CMakeTmp/src.c: 'linker' input unused [-Wunused-command-line-argument]
make[1]: *** [CMakeFiles/cmTC_dc7fa.dir/src.c.o] Error 1
make: *** [cmTC_dc7fa/fast] Error 2

Source file was:

#include <omp.h>
int main() {
#ifdef _OPENMP
  return 0;
#else
  breaks_on_purpose
#endif
}

Performing C SOURCE FILE Test OpenMP_FLAG_DETECTED failed with the following output:
Change Dir: /Users/derek/github/JETSCAPE-COMP/src/framework/build/CMakeFiles/CMakeTmp

Run Build Command:"/usr/bin/make" "cmTC_e9730/fast"
/Library/Developer/CommandLineTools/usr/bin/make -f CMakeFiles/cmTC_e9730.dir/build.make CMakeFiles/cmTC_e9730.dir/build
Building C object CMakeFiles/cmTC_e9730.dir/src.c.o
/Library/Developer/CommandLineTools/usr/bin/cc    -DOpenMP_FLAG_DETECTED +Oopenmp   -o CMakeFiles/cmTC_e9730.dir/src.c.o   -c /Users/derek/github/JETSCAPE-COMP/src/framework/build/CMakeFiles/CMakeTmp/src.c
clang: error: no such file or directory: '+Oopenmp'
make[1]: *** [CMakeFiles/cmTC_e9730.dir/src.c.o] Error 1
make: *** [cmTC_e9730/fast] Error 2

Source file was:

#include <omp.h>
int main() {
#ifdef _OPENMP
  return 0;
#else
  breaks_on_purpose
#endif
}

Performing C SOURCE FILE Test OpenMP_FLAG_DETECTED failed with the following output:
Change Dir: /Users/derek/github/JETSCAPE-COMP/src/framework/build/CMakeFiles/CMakeTmp

Run Build Command:"/usr/bin/make" "cmTC_6a17a/fast"
/Library/Developer/CommandLineTools/usr/bin/make -f CMakeFiles/cmTC_6a17a.dir/build.make CMakeFiles/cmTC_6a17a.dir/build
Building C object CMakeFiles/cmTC_6a17a.dir/src.c.o
/Library/Developer/CommandLineTools/usr/bin/cc    -DOpenMP_FLAG_DETECTED -qsmp   -o CMakeFiles/cmTC_6a17a.dir/src.c.o   -c /Users/derek/github/JETSCAPE-COMP/src/framework/build/CMakeFiles/CMakeTmp/src.c
clang: error: unknown argument: '-qsmp'
make[1]: *** [CMakeFiles/cmTC_6a17a.dir/src.c.o] Error 1
make: *** [cmTC_6a17a/fast] Error 2

Source file was:

#include <omp.h>
int main() {
#ifdef _OPENMP
  return 0;
#else
  breaks_on_purpose
#endif
}

Performing C SOURCE FILE Test OpenMP_FLAG_DETECTED failed with the following output:
Change Dir: /Users/derek/github/JETSCAPE-COMP/src/framework/build/CMakeFiles/CMakeTmp

Run Build Command:"/usr/bin/make" "cmTC_47244/fast"
/Library/Developer/CommandLineTools/usr/bin/make -f CMakeFiles/cmTC_47244.dir/build.make CMakeFiles/cmTC_47244.dir/build
Building C object CMakeFiles/cmTC_47244.dir/src.c.o
/Library/Developer/CommandLineTools/usr/bin/cc    -DOpenMP_FLAG_DETECTED -mp   -o CMakeFiles/cmTC_47244.dir/src.c.o   -c /Users/derek/github/JETSCAPE-COMP/src/framework/build/CMakeFiles/CMakeTmp/src.c
clang: error: unknown argument: '-mp'
make[1]: *** [CMakeFiles/cmTC_47244.dir/src.c.o] Error 1
make: *** [cmTC_47244/fast] Error 2

Source file was:

#include <omp.h>
int main() {
#ifdef _OPENMP
  return 0;
#else
  breaks_on_purpose
#endif
}

Performing C++ SOURCE FILE Test OpenMP_FLAG_DETECTED failed with the following output:
Change Dir: /Users/derek/github/JETSCAPE-COMP/src/framework/build/CMakeFiles/CMakeTmp

Run Build Command:"/usr/bin/make" "cmTC_e9c9d/fast"
/Library/Developer/CommandLineTools/usr/bin/make -f CMakeFiles/cmTC_e9c9d.dir/build.make CMakeFiles/cmTC_e9c9d.dir/build
Building CXX object CMakeFiles/cmTC_e9c9d.dir/src.cxx.o
/Library/Developer/CommandLineTools/usr/bin/c++     -DOpenMP_FLAG_DETECTED   -o CMakeFiles/cmTC_e9c9d.dir/src.cxx.o -c /Users/derek/github/JETSCAPE-COMP/src/framework/build/CMakeFiles/CMakeTmp/src.cxx
/Users/derek/github/JETSCAPE-COMP/src/framework/build/CMakeFiles/CMakeTmp/src.cxx:2:10: fatal error: 'omp.h' file not found
#include <omp.h>
         ^~~~~~~
1 error generated.
make[1]: *** [CMakeFiles/cmTC_e9c9d.dir/src.cxx.o] Error 1
make: *** [cmTC_e9c9d/fast] Error 2

Source file was:

#include <omp.h>
int main() {
#ifdef _OPENMP
  return 0;
#else
  breaks_on_purpose
#endif
}

Performing C++ SOURCE FILE Test OpenMP_FLAG_DETECTED failed with the following output:
Change Dir: /Users/derek/github/JETSCAPE-COMP/src/framework/build/CMakeFiles/CMakeTmp

Run Build Command:"/usr/bin/make" "cmTC_b2d81/fast"
/Library/Developer/CommandLineTools/usr/bin/make -f CMakeFiles/cmTC_b2d81.dir/build.make CMakeFiles/cmTC_b2d81.dir/build
Building CXX object CMakeFiles/cmTC_b2d81.dir/src.cxx.o
/Library/Developer/CommandLineTools/usr/bin/c++     -DOpenMP_FLAG_DETECTED -fopenmp   -o CMakeFiles/cmTC_b2d81.dir/src.cxx.o -c /Users/derek/github/JETSCAPE-COMP/src/framework/build/CMakeFiles/CMakeTmp/src.cxx
clang: error: unsupported option '-fopenmp'
make[1]: *** [CMakeFiles/cmTC_b2d81.dir/src.cxx.o] Error 1
make: *** [cmTC_b2d81/fast] Error 2

Source file was:

#include <omp.h>
int main() {
#ifdef _OPENMP
  return 0;
#else
  breaks_on_purpose
#endif
}

Performing C++ SOURCE FILE Test OpenMP_FLAG_DETECTED failed with the following output:
Change Dir: /Users/derek/github/JETSCAPE-COMP/src/framework/build/CMakeFiles/CMakeTmp

Run Build Command:"/usr/bin/make" "cmTC_9fc7d/fast"
/Library/Developer/CommandLineTools/usr/bin/make -f CMakeFiles/cmTC_9fc7d.dir/build.make CMakeFiles/cmTC_9fc7d.dir/build
Building CXX object CMakeFiles/cmTC_9fc7d.dir/src.cxx.o
/Library/Developer/CommandLineTools/usr/bin/c++     -DOpenMP_FLAG_DETECTED -fopenmp=libomp   -o CMakeFiles/cmTC_9fc7d.dir/src.cxx.o -c /Users/derek/github/JETSCAPE-COMP/src/framework/build/CMakeFiles/CMakeTmp/src.cxx
clang: error: unsupported argument 'libomp' to option 'fopenmp='
make[1]: *** [CMakeFiles/cmTC_9fc7d.dir/src.cxx.o] Error 1
make: *** [cmTC_9fc7d/fast] Error 2

Source file was:

#include <omp.h>
int main() {
#ifdef _OPENMP
  return 0;
#else
  breaks_on_purpose
#endif
}

Performing C++ SOURCE FILE Test OpenMP_FLAG_DETECTED failed with the following output:
Change Dir: /Users/derek/github/JETSCAPE-COMP/src/framework/build/CMakeFiles/CMakeTmp

Run Build Command:"/usr/bin/make" "cmTC_b1879/fast"
/Library/Developer/CommandLineTools/usr/bin/make -f CMakeFiles/cmTC_b1879.dir/build.make CMakeFiles/cmTC_b1879.dir/build
Building CXX object CMakeFiles/cmTC_b1879.dir/src.cxx.o
/Library/Developer/CommandLineTools/usr/bin/c++     -DOpenMP_FLAG_DETECTED /openmp   -o CMakeFiles/cmTC_b1879.dir/src.cxx.o -c /Users/derek/github/JETSCAPE-COMP/src/framework/build/CMakeFiles/CMakeTmp/src.cxx
clang: error: no such file or directory: '/openmp'
make[1]: *** [CMakeFiles/cmTC_b1879.dir/src.cxx.o] Error 1
make: *** [cmTC_b1879/fast] Error 2

Source file was:

#include <omp.h>
int main() {
#ifdef _OPENMP
  return 0;
#else
  breaks_on_purpose
#endif
}

Performing C++ SOURCE FILE Test OpenMP_FLAG_DETECTED failed with the following output:
Change Dir: /Users/derek/github/JETSCAPE-COMP/src/framework/build/CMakeFiles/CMakeTmp

Run Build Command:"/usr/bin/make" "cmTC_d91d7/fast"
/Library/Developer/CommandLineTools/usr/bin/make -f CMakeFiles/cmTC_d91d7.dir/build.make CMakeFiles/cmTC_d91d7.dir/build
Building CXX object CMakeFiles/cmTC_d91d7.dir/src.cxx.o
/Library/Developer/CommandLineTools/usr/bin/c++     -DOpenMP_FLAG_DETECTED -Qopenmp   -o CMakeFiles/cmTC_d91d7.dir/src.cxx.o -c /Users/derek/github/JETSCAPE-COMP/src/framework/build/CMakeFiles/CMakeTmp/src.cxx
clang: error: unknown argument: '-Qopenmp'
make[1]: *** [CMakeFiles/cmTC_d91d7.dir/src.cxx.o] Error 1
make: *** [cmTC_d91d7/fast] Error 2

Source file was:

#include <omp.h>
int main() {
#ifdef _OPENMP
  return 0;
#else
  breaks_on_purpose
#endif
}

Performing C++ SOURCE FILE Test OpenMP_FLAG_DETECTED failed with the following output:
Change Dir: /Users/derek/github/JETSCAPE-COMP/src/framework/build/CMakeFiles/CMakeTmp

Run Build Command:"/usr/bin/make" "cmTC_cb333/fast"
/Library/Developer/CommandLineTools/usr/bin/make -f CMakeFiles/cmTC_cb333.dir/build.make CMakeFiles/cmTC_cb333.dir/build
Building CXX object CMakeFiles/cmTC_cb333.dir/src.cxx.o
/Library/Developer/CommandLineTools/usr/bin/c++     -DOpenMP_FLAG_DETECTED -openmp   -o CMakeFiles/cmTC_cb333.dir/src.cxx.o -c /Users/derek/github/JETSCAPE-COMP/src/framework/build/CMakeFiles/CMakeTmp/src.cxx
/Users/derek/github/JETSCAPE-COMP/src/framework/build/CMakeFiles/CMakeTmp/src.cxx:2:10: fatal error: 'omp.h' file not found
#include <omp.h>
         ^~~~~~~
1 error generated.
make[1]: *** [CMakeFiles/cmTC_cb333.dir/src.cxx.o] Error 1
make: *** [cmTC_cb333/fast] Error 2

Source file was:

#include <omp.h>
int main() {
#ifdef _OPENMP
  return 0;
#else
  breaks_on_purpose
#endif
}

Performing C++ SOURCE FILE Test OpenMP_FLAG_DETECTED failed with the following output:
Change Dir: /Users/derek/github/JETSCAPE-COMP/src/framework/build/CMakeFiles/CMakeTmp

Run Build Command:"/usr/bin/make" "cmTC_4288d/fast"
/Library/Developer/CommandLineTools/usr/bin/make -f CMakeFiles/cmTC_4288d.dir/build.make CMakeFiles/cmTC_4288d.dir/build
Building CXX object CMakeFiles/cmTC_4288d.dir/src.cxx.o
/Library/Developer/CommandLineTools/usr/bin/c++     -DOpenMP_FLAG_DETECTED -xopenmp   -o CMakeFiles/cmTC_4288d.dir/src.cxx.o -c /Users/derek/github/JETSCAPE-COMP/src/framework/build/CMakeFiles/CMakeTmp/src.cxx
clang: error: language not recognized: 'openmp'
clang: warning: /Users/derek/github/JETSCAPE-COMP/src/framework/build/CMakeFiles/CMakeTmp/src.cxx: 'linker' input unused [-Wunused-command-line-argument]
make[1]: *** [CMakeFiles/cmTC_4288d.dir/src.cxx.o] Error 1
make: *** [cmTC_4288d/fast] Error 2

Source file was:

#include <omp.h>
int main() {
#ifdef _OPENMP
  return 0;
#else
  breaks_on_purpose
#endif
}

Performing C++ SOURCE FILE Test OpenMP_FLAG_DETECTED failed with the following output:
Change Dir: /Users/derek/github/JETSCAPE-COMP/src/framework/build/CMakeFiles/CMakeTmp

Run Build Command:"/usr/bin/make" "cmTC_92865/fast"
/Library/Developer/CommandLineTools/usr/bin/make -f CMakeFiles/cmTC_92865.dir/build.make CMakeFiles/cmTC_92865.dir/build
Building CXX object CMakeFiles/cmTC_92865.dir/src.cxx.o
/Library/Developer/CommandLineTools/usr/bin/c++     -DOpenMP_FLAG_DETECTED +Oopenmp   -o CMakeFiles/cmTC_92865.dir/src.cxx.o -c /Users/derek/github/JETSCAPE-COMP/src/framework/build/CMakeFiles/CMakeTmp/src.cxx
clang: error: no such file or directory: '+Oopenmp'
make[1]: *** [CMakeFiles/cmTC_92865.dir/src.cxx.o] Error 1
make: *** [cmTC_92865/fast] Error 2

Source file was:

#include <omp.h>
int main() {
#ifdef _OPENMP
  return 0;
#else
  breaks_on_purpose
#endif
}

Performing C++ SOURCE FILE Test OpenMP_FLAG_DETECTED failed with the following output:
Change Dir: /Users/derek/github/JETSCAPE-COMP/src/framework/build/CMakeFiles/CMakeTmp

Run Build Command:"/usr/bin/make" "cmTC_6ad42/fast"
/Library/Developer/CommandLineTools/usr/bin/make -f CMakeFiles/cmTC_6ad42.dir/build.make CMakeFiles/cmTC_6ad42.dir/build
Building CXX object CMakeFiles/cmTC_6ad42.dir/src.cxx.o
/Library/Developer/CommandLineTools/usr/bin/c++     -DOpenMP_FLAG_DETECTED -qsmp   -o CMakeFiles/cmTC_6ad42.dir/src.cxx.o -c /Users/derek/github/JETSCAPE-COMP/src/framework/build/CMakeFiles/CMakeTmp/src.cxx
clang: error: unknown argument: '-qsmp'
make[1]: *** [CMakeFiles/cmTC_6ad42.dir/src.cxx.o] Error 1
make: *** [cmTC_6ad42/fast] Error 2

Source file was:

#include <omp.h>
int main() {
#ifdef _OPENMP
  return 0;
#else
  breaks_on_purpose
#endif
}

Performing C++ SOURCE FILE Test OpenMP_FLAG_DETECTED failed with the following output:
Change Dir: /Users/derek/github/JETSCAPE-COMP/src/framework/build/CMakeFiles/CMakeTmp

Run Build Command:"/usr/bin/make" "cmTC_f7edb/fast"
/Library/Developer/CommandLineTools/usr/bin/make -f CMakeFiles/cmTC_f7edb.dir/build.make CMakeFiles/cmTC_f7edb.dir/build
Building CXX object CMakeFiles/cmTC_f7edb.dir/src.cxx.o
/Library/Developer/CommandLineTools/usr/bin/c++     -DOpenMP_FLAG_DETECTED -mp   -o CMakeFiles/cmTC_f7edb.dir/src.cxx.o -c /Users/derek/github/JETSCAPE-COMP/src/framework/build/CMakeFiles/CMakeTmp/src.cxx
clang: error: unknown argument: '-mp'
make[1]: *** [CMakeFiles/cmTC_f7edb.dir/src.cxx.o] Error 1
make: *** [cmTC_f7edb/fast] Error 2

Source file was:

#include <omp.h>
int main() {
#ifdef _OPENMP
  return 0;
#else
  breaks_on_purpose
#endif
}

Performing C SOURCE FILE Test OpenMP_FLAG_DETECTED failed with the following output:
Change Dir: /Users/derek/github/JETSCAPE-COMP/src/framework/build/CMakeFiles/CMakeTmp

Run Build Command:"/usr/bin/make" "cmTC_86e3b/fast"
/Library/Developer/CommandLineTools/usr/bin/make -f CMakeFiles/cmTC_86e3b.dir/build.make CMakeFiles/cmTC_86e3b.dir/build
Building C object CMakeFiles/cmTC_86e3b.dir/src.c.o
/Library/Developer/CommandLineTools/usr/bin/cc    -DOpenMP_FLAG_DETECTED   -o CMakeFiles/cmTC_86e3b.dir/src.c.o   -c /Users/derek/github/JETSCAPE-COMP/src/framework/build/CMakeFiles/CMakeTmp/src.c
/Users/derek/github/JETSCAPE-COMP/src/framework/build/CMakeFiles/CMakeTmp/src.c:2:10: fatal error: 'omp.h' file not found
#include <omp.h>
         ^~~~~~~
1 error generated.
make[1]: *** [CMakeFiles/cmTC_86e3b.dir/src.c.o] Error 1
make: *** [cmTC_86e3b/fast] Error 2

Source file was:

#include <omp.h>
int main() {
#ifdef _OPENMP
  return 0;
#else
  breaks_on_purpose
#endif
}

Performing C SOURCE FILE Test OpenMP_FLAG_DETECTED failed with the following output:
Change Dir: /Users/derek/github/JETSCAPE-COMP/src/framework/build/CMakeFiles/CMakeTmp

Run Build Command:"/usr/bin/make" "cmTC_cfbe8/fast"
/Library/Developer/CommandLineTools/usr/bin/make -f CMakeFiles/cmTC_cfbe8.dir/build.make CMakeFiles/cmTC_cfbe8.dir/build
Building C object CMakeFiles/cmTC_cfbe8.dir/src.c.o
/Library/Developer/CommandLineTools/usr/bin/cc    -DOpenMP_FLAG_DETECTED -fopenmp   -o CMakeFiles/cmTC_cfbe8.dir/src.c.o   -c /Users/derek/github/JETSCAPE-COMP/src/framework/build/CMakeFiles/CMakeTmp/src.c
clang: error: unsupported option '-fopenmp'
make[1]: *** [CMakeFiles/cmTC_cfbe8.dir/src.c.o] Error 1
make: *** [cmTC_cfbe8/fast] Error 2

Source file was:

#include <omp.h>
int main() {
#ifdef _OPENMP
  return 0;
#else
  breaks_on_purpose
#endif
}

Performing C SOURCE FILE Test OpenMP_FLAG_DETECTED failed with the following output:
Change Dir: /Users/derek/github/JETSCAPE-COMP/src/framework/build/CMakeFiles/CMakeTmp

Run Build Command:"/usr/bin/make" "cmTC_5fe57/fast"
/Library/Developer/CommandLineTools/usr/bin/make -f CMakeFiles/cmTC_5fe57.dir/build.make CMakeFiles/cmTC_5fe57.dir/build
Building C object CMakeFiles/cmTC_5fe57.dir/src.c.o
/Library/Developer/CommandLineTools/usr/bin/cc    -DOpenMP_FLAG_DETECTED -fopenmp=libomp   -o CMakeFiles/cmTC_5fe57.dir/src.c.o   -c /Users/derek/github/JETSCAPE-COMP/src/framework/build/CMakeFiles/CMakeTmp/src.c
clang: error: unsupported argument 'libomp' to option 'fopenmp='
make[1]: *** [CMakeFiles/cmTC_5fe57.dir/src.c.o] Error 1
make: *** [cmTC_5fe57/fast] Error 2

Source file was:

#include <omp.h>
int main() {
#ifdef _OPENMP
  return 0;
#else
  breaks_on_purpose
#endif
}

Performing C SOURCE FILE Test OpenMP_FLAG_DETECTED failed with the following output:
Change Dir: /Users/derek/github/JETSCAPE-COMP/src/framework/build/CMakeFiles/CMakeTmp

Run Build Command:"/usr/bin/make" "cmTC_bbfc5/fast"
/Library/Developer/CommandLineTools/usr/bin/make -f CMakeFiles/cmTC_bbfc5.dir/build.make CMakeFiles/cmTC_bbfc5.dir/build
Building C object CMakeFiles/cmTC_bbfc5.dir/src.c.o
/Library/Developer/CommandLineTools/usr/bin/cc    -DOpenMP_FLAG_DETECTED /openmp   -o CMakeFiles/cmTC_bbfc5.dir/src.c.o   -c /Users/derek/github/JETSCAPE-COMP/src/framework/build/CMakeFiles/CMakeTmp/src.c
clang: error: no such file or directory: '/openmp'
make[1]: *** [CMakeFiles/cmTC_bbfc5.dir/src.c.o] Error 1
make: *** [cmTC_bbfc5/fast] Error 2

Source file was:

#include <omp.h>
int main() {
#ifdef _OPENMP
  return 0;
#else
  breaks_on_purpose
#endif
}

Performing C SOURCE FILE Test OpenMP_FLAG_DETECTED failed with the following output:
Change Dir: /Users/derek/github/JETSCAPE-COMP/src/framework/build/CMakeFiles/CMakeTmp

Run Build Command:"/usr/bin/make" "cmTC_21abf/fast"
/Library/Developer/CommandLineTools/usr/bin/make -f CMakeFiles/cmTC_21abf.dir/build.make CMakeFiles/cmTC_21abf.dir/build
Building C object CMakeFiles/cmTC_21abf.dir/src.c.o
/Library/Developer/CommandLineTools/usr/bin/cc    -DOpenMP_FLAG_DETECTED -Qopenmp   -o CMakeFiles/cmTC_21abf.dir/src.c.o   -c /Users/derek/github/JETSCAPE-COMP/src/framework/build/CMakeFiles/CMakeTmp/src.c
clang: error: unknown argument: '-Qopenmp'
make[1]: *** [CMakeFiles/cmTC_21abf.dir/src.c.o] Error 1
make: *** [cmTC_21abf/fast] Error 2

Source file was:

#include <omp.h>
int main() {
#ifdef _OPENMP
  return 0;
#else
  breaks_on_purpose
#endif
}

Performing C SOURCE FILE Test OpenMP_FLAG_DETECTED failed with the following output:
Change Dir: /Users/derek/github/JETSCAPE-COMP/src/framework/build/CMakeFiles/CMakeTmp

Run Build Command:"/usr/bin/make" "cmTC_f0643/fast"
/Library/Developer/CommandLineTools/usr/bin/make -f CMakeFiles/cmTC_f0643.dir/build.make CMakeFiles/cmTC_f0643.dir/build
Building C object CMakeFiles/cmTC_f0643.dir/src.c.o
/Library/Developer/CommandLineTools/usr/bin/cc    -DOpenMP_FLAG_DETECTED -openmp   -o CMakeFiles/cmTC_f0643.dir/src.c.o   -c /Users/derek/github/JETSCAPE-COMP/src/framework/build/CMakeFiles/CMakeTmp/src.c
/Users/derek/github/JETSCAPE-COMP/src/framework/build/CMakeFiles/CMakeTmp/src.c:2:10: fatal error: 'omp.h' file not found
#include <omp.h>
         ^~~~~~~
1 error generated.
make[1]: *** [CMakeFiles/cmTC_f0643.dir/src.c.o] Error 1
make: *** [cmTC_f0643/fast] Error 2

Source file was:

#include <omp.h>
int main() {
#ifdef _OPENMP
  return 0;
#else
  breaks_on_purpose
#endif
}

Performing C SOURCE FILE Test OpenMP_FLAG_DETECTED failed with the following output:
Change Dir: /Users/derek/github/JETSCAPE-COMP/src/framework/build/CMakeFiles/CMakeTmp

Run Build Command:"/usr/bin/make" "cmTC_2bd2e/fast"
/Library/Developer/CommandLineTools/usr/bin/make -f CMakeFiles/cmTC_2bd2e.dir/build.make CMakeFiles/cmTC_2bd2e.dir/build
Building C object CMakeFiles/cmTC_2bd2e.dir/src.c.o
/Library/Developer/CommandLineTools/usr/bin/cc    -DOpenMP_FLAG_DETECTED -xopenmp   -o CMakeFiles/cmTC_2bd2e.dir/src.c.o   -c /Users/derek/github/JETSCAPE-COMP/src/framework/build/CMakeFiles/CMakeTmp/src.c
clang: error: language not recognized: 'openmp'
clang: warning: /Users/derek/github/JETSCAPE-COMP/src/framework/build/CMakeFiles/CMakeTmp/src.c: 'linker' input unused [-Wunused-command-line-argument]
make[1]: *** [CMakeFiles/cmTC_2bd2e.dir/src.c.o] Error 1
make: *** [cmTC_2bd2e/fast] Error 2

Source file was:

#include <omp.h>
int main() {
#ifdef _OPENMP
  return 0;
#else
  breaks_on_purpose
#endif
}

Performing C SOURCE FILE Test OpenMP_FLAG_DETECTED failed with the following output:
Change Dir: /Users/derek/github/JETSCAPE-COMP/src/framework/build/CMakeFiles/CMakeTmp

Run Build Command:"/usr/bin/make" "cmTC_6a914/fast"
/Library/Developer/CommandLineTools/usr/bin/make -f CMakeFiles/cmTC_6a914.dir/build.make CMakeFiles/cmTC_6a914.dir/build
Building C object CMakeFiles/cmTC_6a914.dir/src.c.o
/Library/Developer/CommandLineTools/usr/bin/cc    -DOpenMP_FLAG_DETECTED +Oopenmp   -o CMakeFiles/cmTC_6a914.dir/src.c.o   -c /Users/derek/github/JETSCAPE-COMP/src/framework/build/CMakeFiles/CMakeTmp/src.c
clang: error: no such file or directory: '+Oopenmp'
make[1]: *** [CMakeFiles/cmTC_6a914.dir/src.c.o] Error 1
make: *** [cmTC_6a914/fast] Error 2

Source file was:

#include <omp.h>
int main() {
#ifdef _OPENMP
  return 0;
#else
  breaks_on_purpose
#endif
}

Performing C SOURCE FILE Test OpenMP_FLAG_DETECTED failed with the following output:
Change Dir: /Users/derek/github/JETSCAPE-COMP/src/framework/build/CMakeFiles/CMakeTmp

Run Build Command:"/usr/bin/make" "cmTC_ac644/fast"
/Library/Developer/CommandLineTools/usr/bin/make -f CMakeFiles/cmTC_ac644.dir/build.make CMakeFiles/cmTC_ac644.dir/build
Building C object CMakeFiles/cmTC_ac644.dir/src.c.o
/Library/Developer/CommandLineTools/usr/bin/cc    -DOpenMP_FLAG_DETECTED -qsmp   -o CMakeFiles/cmTC_ac644.dir/src.c.o   -c /Users/derek/github/JETSCAPE-COMP/src/framework/build/CMakeFiles/CMakeTmp/src.c
clang: error: unknown argument: '-qsmp'
make[1]: *** [CMakeFiles/cmTC_ac644.dir/src.c.o] Error 1
make: *** [cmTC_ac644/fast] Error 2

Source file was:

#include <omp.h>
int main() {
#ifdef _OPENMP
  return 0;
#else
  breaks_on_purpose
#endif
}

Performing C SOURCE FILE Test OpenMP_FLAG_DETECTED failed with the following output:
Change Dir: /Users/derek/github/JETSCAPE-COMP/src/framework/build/CMakeFiles/CMakeTmp

Run Build Command:"/usr/bin/make" "cmTC_6498d/fast"
/Library/Developer/CommandLineTools/usr/bin/make -f CMakeFiles/cmTC_6498d.dir/build.make CMakeFiles/cmTC_6498d.dir/build
Building C object CMakeFiles/cmTC_6498d.dir/src.c.o
/Library/Developer/CommandLineTools/usr/bin/cc    -DOpenMP_FLAG_DETECTED -mp   -o CMakeFiles/cmTC_6498d.dir/src.c.o   -c /Users/derek/github/JETSCAPE-COMP/src/framework/build/CMakeFiles/CMakeTmp/src.c
clang: error: unknown argument: '-mp'
make[1]: *** [CMakeFiles/cmTC_6498d.dir/src.c.o] Error 1
make: *** [cmTC_6498d/fast] Error 2

Source file was:

#include <omp.h>
int main() {
#ifdef _OPENMP
  return 0;
#else
  breaks_on_purpose
#endif
}

Performing C++ SOURCE FILE Test OpenMP_FLAG_DETECTED failed with the following output:
Change Dir: /Users/derek/github/JETSCAPE-COMP/src/framework/build/CMakeFiles/CMakeTmp

Run Build Command:"/usr/bin/make" "cmTC_1d5fb/fast"
/Library/Developer/CommandLineTools/usr/bin/make -f CMakeFiles/cmTC_1d5fb.dir/build.make CMakeFiles/cmTC_1d5fb.dir/build
Building CXX object CMakeFiles/cmTC_1d5fb.dir/src.cxx.o
/Library/Developer/CommandLineTools/usr/bin/c++     -DOpenMP_FLAG_DETECTED   -o CMakeFiles/cmTC_1d5fb.dir/src.cxx.o -c /Users/derek/github/JETSCAPE-COMP/src/framework/build/CMakeFiles/CMakeTmp/src.cxx
/Users/derek/github/JETSCAPE-COMP/src/framework/build/CMakeFiles/CMakeTmp/src.cxx:2:10: fatal error: 'omp.h' file not found
#include <omp.h>
         ^~~~~~~
1 error generated.
make[1]: *** [CMakeFiles/cmTC_1d5fb.dir/src.cxx.o] Error 1
make: *** [cmTC_1d5fb/fast] Error 2

Source file was:

#include <omp.h>
int main() {
#ifdef _OPENMP
  return 0;
#else
  breaks_on_purpose
#endif
}

Performing C++ SOURCE FILE Test OpenMP_FLAG_DETECTED failed with the following output:
Change Dir: /Users/derek/github/JETSCAPE-COMP/src/framework/build/CMakeFiles/CMakeTmp

Run Build Command:"/usr/bin/make" "cmTC_0023f/fast"
/Library/Developer/CommandLineTools/usr/bin/make -f CMakeFiles/cmTC_0023f.dir/build.make CMakeFiles/cmTC_0023f.dir/build
Building CXX object CMakeFiles/cmTC_0023f.dir/src.cxx.o
/Library/Developer/CommandLineTools/usr/bin/c++     -DOpenMP_FLAG_DETECTED -fopenmp   -o CMakeFiles/cmTC_0023f.dir/src.cxx.o -c /Users/derek/github/JETSCAPE-COMP/src/framework/build/CMakeFiles/CMakeTmp/src.cxx
clang: error: unsupported option '-fopenmp'
make[1]: *** [CMakeFiles/cmTC_0023f.dir/src.cxx.o] Error 1
make: *** [cmTC_0023f/fast] Error 2

Source file was:

#include <omp.h>
int main() {
#ifdef _OPENMP
  return 0;
#else
  breaks_on_purpose
#endif
}

Performing C++ SOURCE FILE Test OpenMP_FLAG_DETECTED failed with the following output:
Change Dir: /Users/derek/github/JETSCAPE-COMP/src/framework/build/CMakeFiles/CMakeTmp

Run Build Command:"/usr/bin/make" "cmTC_8878b/fast"
/Library/Developer/CommandLineTools/usr/bin/make -f CMakeFiles/cmTC_8878b.dir/build.make CMakeFiles/cmTC_8878b.dir/build
Building CXX object CMakeFiles/cmTC_8878b.dir/src.cxx.o
/Library/Developer/CommandLineTools/usr/bin/c++     -DOpenMP_FLAG_DETECTED -fopenmp=libomp   -o CMakeFiles/cmTC_8878b.dir/src.cxx.o -c /Users/derek/github/JETSCAPE-COMP/src/framework/build/CMakeFiles/CMakeTmp/src.cxx
clang: error: unsupported argument 'libomp' to option 'fopenmp='
make[1]: *** [CMakeFiles/cmTC_8878b.dir/src.cxx.o] Error 1
make: *** [cmTC_8878b/fast] Error 2

Source file was:

#include <omp.h>
int main() {
#ifdef _OPENMP
  return 0;
#else
  breaks_on_purpose
#endif
}

Performing C++ SOURCE FILE Test OpenMP_FLAG_DETECTED failed with the following output:
Change Dir: /Users/derek/github/JETSCAPE-COMP/src/framework/build/CMakeFiles/CMakeTmp

Run Build Command:"/usr/bin/make" "cmTC_9bf73/fast"
/Library/Developer/CommandLineTools/usr/bin/make -f CMakeFiles/cmTC_9bf73.dir/build.make CMakeFiles/cmTC_9bf73.dir/build
Building CXX object CMakeFiles/cmTC_9bf73.dir/src.cxx.o
/Library/Developer/CommandLineTools/usr/bin/c++     -DOpenMP_FLAG_DETECTED /openmp   -o CMakeFiles/cmTC_9bf73.dir/src.cxx.o -c /Users/derek/github/JETSCAPE-COMP/src/framework/build/CMakeFiles/CMakeTmp/src.cxx
clang: error: no such file or directory: '/openmp'
make[1]: *** [CMakeFiles/cmTC_9bf73.dir/src.cxx.o] Error 1
make: *** [cmTC_9bf73/fast] Error 2

Source file was:

#include <omp.h>
int main() {
#ifdef _OPENMP
  return 0;
#else
  breaks_on_purpose
#endif
}

Performing C++ SOURCE FILE Test OpenMP_FLAG_DETECTED failed with the following output:
Change Dir: /Users/derek/github/JETSCAPE-COMP/src/framework/build/CMakeFiles/CMakeTmp

Run Build Command:"/usr/bin/make" "cmTC_33524/fast"
/Library/Developer/CommandLineTools/usr/bin/make -f CMakeFiles/cmTC_33524.dir/build.make CMakeFiles/cmTC_33524.dir/build
Building CXX object CMakeFiles/cmTC_33524.dir/src.cxx.o
/Library/Developer/CommandLineTools/usr/bin/c++     -DOpenMP_FLAG_DETECTED -Qopenmp   -o CMakeFiles/cmTC_33524.dir/src.cxx.o -c /Users/derek/github/JETSCAPE-COMP/src/framework/build/CMakeFiles/CMakeTmp/src.cxx
clang: error: unknown argument: '-Qopenmp'
make[1]: *** [CMakeFiles/cmTC_33524.dir/src.cxx.o] Error 1
make: *** [cmTC_33524/fast] Error 2

Source file was:

#include <omp.h>
int main() {
#ifdef _OPENMP
  return 0;
#else
  breaks_on_purpose
#endif
}

Performing C++ SOURCE FILE Test OpenMP_FLAG_DETECTED failed with the following output:
Change Dir: /Users/derek/github/JETSCAPE-COMP/src/framework/build/CMakeFiles/CMakeTmp

Run Build Command:"/usr/bin/make" "cmTC_1e016/fast"
/Library/Developer/CommandLineTools/usr/bin/make -f CMakeFiles/cmTC_1e016.dir/build.make CMakeFiles/cmTC_1e016.dir/build
Building CXX object CMakeFiles/cmTC_1e016.dir/src.cxx.o
/Library/Developer/CommandLineTools/usr/bin/c++     -DOpenMP_FLAG_DETECTED -openmp   -o CMakeFiles/cmTC_1e016.dir/src.cxx.o -c /Users/derek/github/JETSCAPE-COMP/src/framework/build/CMakeFiles/CMakeTmp/src.cxx
/Users/derek/github/JETSCAPE-COMP/src/framework/build/CMakeFiles/CMakeTmp/src.cxx:2:10: fatal error: 'omp.h' file not found
#include <omp.h>
         ^~~~~~~
1 error generated.
make[1]: *** [CMakeFiles/cmTC_1e016.dir/src.cxx.o] Error 1
make: *** [cmTC_1e016/fast] Error 2

Source file was:

#include <omp.h>
int main() {
#ifdef _OPENMP
  return 0;
#else
  breaks_on_purpose
#endif
}

Performing C++ SOURCE FILE Test OpenMP_FLAG_DETECTED failed with the following output:
Change Dir: /Users/derek/github/JETSCAPE-COMP/src/framework/build/CMakeFiles/CMakeTmp

Run Build Command:"/usr/bin/make" "cmTC_cb284/fast"
/Library/Developer/CommandLineTools/usr/bin/make -f CMakeFiles/cmTC_cb284.dir/build.make CMakeFiles/cmTC_cb284.dir/build
Building CXX object CMakeFiles/cmTC_cb284.dir/src.cxx.o
/Library/Developer/CommandLineTools/usr/bin/c++     -DOpenMP_FLAG_DETECTED -xopenmp   -o CMakeFiles/cmTC_cb284.dir/src.cxx.o -c /Users/derek/github/JETSCAPE-COMP/src/framework/build/CMakeFiles/CMakeTmp/src.cxx
clang: error: language not recognized: 'openmp'
clang: warning: /Users/derek/github/JETSCAPE-COMP/src/framework/build/CMakeFiles/CMakeTmp/src.cxx: 'linker' input unused [-Wunused-command-line-argument]
make[1]: *** [CMakeFiles/cmTC_cb284.dir/src.cxx.o] Error 1
make: *** [cmTC_cb284/fast] Error 2

Source file was:

#include <omp.h>
int main() {
#ifdef _OPENMP
  return 0;
#else
  breaks_on_purpose
#endif
}

Performing C++ SOURCE FILE Test OpenMP_FLAG_DETECTED failed with the following output:
Change Dir: /Users/derek/github/JETSCAPE-COMP/src/framework/build/CMakeFiles/CMakeTmp

Run Build Command:"/usr/bin/make" "cmTC_ac7cb/fast"
/Library/Developer/CommandLineTools/usr/bin/make -f CMakeFiles/cmTC_ac7cb.dir/build.make CMakeFiles/cmTC_ac7cb.dir/build
Building CXX object CMakeFiles/cmTC_ac7cb.dir/src.cxx.o
/Library/Developer/CommandLineTools/usr/bin/c++     -DOpenMP_FLAG_DETECTED +Oopenmp   -o CMakeFiles/cmTC_ac7cb.dir/src.cxx.o -c /Users/derek/github/JETSCAPE-COMP/src/framework/build/CMakeFiles/CMakeTmp/src.cxx
clang: error: no such file or directory: '+Oopenmp'
make[1]: *** [CMakeFiles/cmTC_ac7cb.dir/src.cxx.o] Error 1
make: *** [cmTC_ac7cb/fast] Error 2

Source file was:

#include <omp.h>
int main() {
#ifdef _OPENMP
  return 0;
#else
  breaks_on_purpose
#endif
}

Performing C++ SOURCE FILE Test OpenMP_FLAG_DETECTED failed with the following output:
Change Dir: /Users/derek/github/JETSCAPE-COMP/src/framework/build/CMakeFiles/CMakeTmp

Run Build Command:"/usr/bin/make" "cmTC_5c40d/fast"
/Library/Developer/CommandLineTools/usr/bin/make -f CMakeFiles/cmTC_5c40d.dir/build.make CMakeFiles/cmTC_5c40d.dir/build
Building CXX object CMakeFiles/cmTC_5c40d.dir/src.cxx.o
/Library/Developer/CommandLineTools/usr/bin/c++     -DOpenMP_FLAG_DETECTED -qsmp   -o CMakeFiles/cmTC_5c40d.dir/src.cxx.o -c /Users/derek/github/JETSCAPE-COMP/src/framework/build/CMakeFiles/CMakeTmp/src.cxx
clang: error: unknown argument: '-qsmp'
make[1]: *** [CMakeFiles/cmTC_5c40d.dir/src.cxx.o] Error 1
make: *** [cmTC_5c40d/fast] Error 2

Source file was:

#include <omp.h>
int main() {
#ifdef _OPENMP
  return 0;
#else
  breaks_on_purpose
#endif
}

Performing C++ SOURCE FILE Test OpenMP_FLAG_DETECTED failed with the following output:
Change Dir: /Users/derek/github/JETSCAPE-COMP/src/framework/build/CMakeFiles/CMakeTmp

Run Build Command:"/usr/bin/make" "cmTC_c736f/fast"
/Library/Developer/CommandLineTools/usr/bin/make -f CMakeFiles/cmTC_c736f.dir/build.make CMakeFiles/cmTC_c736f.dir/build
Building CXX object CMakeFiles/cmTC_c736f.dir/src.cxx.o
/Library/Developer/CommandLineTools/usr/bin/c++     -DOpenMP_FLAG_DETECTED -mp   -o CMakeFiles/cmTC_c736f.dir/src.cxx.o -c /Users/derek/github/JETSCAPE-COMP/src/framework/build/CMakeFiles/CMakeTmp/src.cxx
clang: error: unknown argument: '-mp'
make[1]: *** [CMakeFiles/cmTC_c736f.dir/src.cxx.o] Error 1
make: *** [cmTC_c736f/fast] Error 2

Source file was:

#include <omp.h>
int main() {
#ifdef _OPENMP
  return 0;
#else
  breaks_on_purpose
#endif
}

