0000001 | 2018-05-17, 17:05:44.872157 [info] - # leading order Debye mass
0000002 | 2018-05-17, 17:05:44.872241 [info] - Scale = 0.6
0000003 | 2018-05-17, 17:05:44.872409 [info] - Boltzmann/Qq2Qq/rate/fmax dim=2
0000004 | 2018-05-17, 17:05:44.872423 [info] - Boltzmann/Qq2Qq/rate/scalar dim=2
0000005 | 2018-05-17, 17:05:44.872440 [info] - Boltzmann/Qq2Qq/rate/vector dim=2
0000006 | 2018-05-17, 17:05:44.872491 [info] - Boltzmann/Qq2Qq/rate/tensor dim=2
0000007 | 2018-05-17, 17:05:44.872606 [info] - Boltzmann/Qq2Qq/xsection/fmax dim=2
0000008 | 2018-05-17, 17:05:44.872618 [info] - Boltzmann/Qq2Qq/xsection/scalar dim=2
0000009 | 2018-05-17, 17:05:44.872628 [info] - Boltzmann/Qq2Qq/xsection/vector dim=2
0000010 | 2018-05-17, 17:05:44.872656 [info] - Boltzmann/Qq2Qq/xsection/tensor dim=2
0000011 | 2018-05-17, 17:05:44.872975 [info] - Boltzmann/Qg2Qg/rate/fmax dim=2
0000012 | 2018-05-17, 17:05:44.872987 [info] - Boltzmann/Qg2Qg/rate/scalar dim=2
0000013 | 2018-05-17, 17:05:44.873004 [info] - Boltzmann/Qg2Qg/rate/vector dim=2
0000014 | 2018-05-17, 17:05:44.873051 [info] - Boltzmann/Qg2Qg/rate/tensor dim=2
0000015 | 2018-05-17, 17:05:44.873159 [info] - Boltzmann/Qg2Qg/xsection/fmax dim=2
0000016 | 2018-05-17, 17:05:44.873168 [info] - Boltzmann/Qg2Qg/xsection/scalar dim=2
0000017 | 2018-05-17, 17:05:44.873182 [info] - Boltzmann/Qg2Qg/xsection/vector dim=2
0000018 | 2018-05-17, 17:05:44.873209 [info] - Boltzmann/Qg2Qg/xsection/tensor dim=2
0000019 | 2018-05-17, 17:05:44.873535 [info] - Boltzmann/Qq2Qqg/rate/fmax dim=3
0000020 | 2018-05-17, 17:05:44.873560 [info] - Boltzmann/Qq2Qqg/rate/scalar dim=3
0000021 | 2018-05-17, 17:05:44.873616 [info] - Boltzmann/Qq2Qqg/rate/vector dim=3
0000022 | 2018-05-17, 17:05:44.873822 [info] - Boltzmann/Qq2Qqg/rate/tensor dim=3
0000023 | 2018-05-17, 17:05:44.873959 [info] - Boltzmann/Qq2Qqg/xsection/fmax dim=3
0000024 | 2018-05-17, 17:05:44.873977 [info] - Boltzmann/Qq2Qqg/xsection/scalar dim=3
0000025 | 2018-05-17, 17:05:44.874016 [info] - Boltzmann/Qq2Qqg/xsection/vector dim=3
0000026 | 2018-05-17, 17:05:44.874158 [info] - Boltzmann/Qq2Qqg/xsection/tensor dim=3
0000027 | 2018-05-17, 17:05:44.874498 [info] - Boltzmann/Qg2Qgg/rate/fmax dim=3
0000028 | 2018-05-17, 17:05:44.874522 [info] - Boltzmann/Qg2Qgg/rate/scalar dim=3
0000029 | 2018-05-17, 17:05:44.874577 [info] - Boltzmann/Qg2Qgg/rate/vector dim=3
0000030 | 2018-05-17, 17:05:44.874780 [info] - Boltzmann/Qg2Qgg/rate/tensor dim=3
0000031 | 2018-05-17, 17:05:44.874904 [info] - Boltzmann/Qg2Qgg/xsection/fmax dim=3
0000032 | 2018-05-17, 17:05:44.874922 [info] - Boltzmann/Qg2Qgg/xsection/scalar dim=3
0000033 | 2018-05-17, 17:05:44.874961 [info] - Boltzmann/Qg2Qgg/xsection/vector dim=3
0000034 | 2018-05-17, 17:05:44.875099 [info] - Boltzmann/Qg2Qgg/xsection/tensor dim=3
0000035 | 2018-05-17, 17:05:44.875330 [info] - Loading Boltzmann/Qq2Qq/xsection/fmax
0000036 | 2018-05-17, 17:05:44.875814 [info] - Rank compitable, loading table
0000037 | 2018-05-17, 17:05:44.876150 [info] - Loading Boltzmann/Qq2Qq/xsection/scalar
0000038 | 2018-05-17, 17:05:44.876410 [info] - Rank compitable, loading table
0000039 | 2018-05-17, 17:05:44.876586 [info] - Loading Boltzmann/Qq2Qq/xsection/vector
0000040 | 2018-05-17, 17:05:44.876682 [info] - Rank compitable, loading table
0000041 | 2018-05-17, 17:05:44.876954 [info] - Loading Boltzmann/Qq2Qq/xsection/tensor
0000042 | 2018-05-17, 17:05:44.877049 [info] - Rank compitable, loading table
0000043 | 2018-05-17, 17:05:44.877698 [info] - Loading Boltzmann/Qq2Qq/rate/fmax
0000044 | 2018-05-17, 17:05:44.877795 [info] - Rank compitable, loading table
0000045 | 2018-05-17, 17:05:44.877977 [info] - Loading Boltzmann/Qq2Qq/rate/scalar
0000046 | 2018-05-17, 17:05:44.878070 [info] - Rank compitable, loading table
0000047 | 2018-05-17, 17:05:44.878231 [info] - Loading Boltzmann/Qq2Qq/rate/vector
0000048 | 2018-05-17, 17:05:44.878321 [info] - Rank compitable, loading table
0000049 | 2018-05-17, 17:05:44.878579 [info] - Loading Boltzmann/Qq2Qq/rate/tensor
0000050 | 2018-05-17, 17:05:44.878670 [info] - Rank compitable, loading table
0000051 | 2018-05-17, 17:05:44.879314 [info] - Loading Boltzmann/Qg2Qg/xsection/fmax
0000052 | 2018-05-17, 17:05:44.879408 [info] - Rank compitable, loading table
0000053 | 2018-05-17, 17:05:44.879568 [info] - Loading Boltzmann/Qg2Qg/xsection/scalar
0000054 | 2018-05-17, 17:05:44.879658 [info] - Rank compitable, loading table
0000055 | 2018-05-17, 17:05:44.879774 [info] - Loading Boltzmann/Qg2Qg/xsection/vector
0000056 | 2018-05-17, 17:05:44.879877 [info] - Rank compitable, loading table
0000057 | 2018-05-17, 17:05:44.880116 [info] - Loading Boltzmann/Qg2Qg/xsection/tensor
0000058 | 2018-05-17, 17:05:44.880204 [info] - Rank compitable, loading table
0000059 | 2018-05-17, 17:05:44.880761 [info] - Loading Boltzmann/Qg2Qg/rate/fmax
0000060 | 2018-05-17, 17:05:44.880852 [info] - Rank compitable, loading table
0000061 | 2018-05-17, 17:05:44.881012 [info] - Loading Boltzmann/Qg2Qg/rate/scalar
0000062 | 2018-05-17, 17:05:44.881100 [info] - Rank compitable, loading table
0000063 | 2018-05-17, 17:05:44.881260 [info] - Loading Boltzmann/Qg2Qg/rate/vector
0000064 | 2018-05-17, 17:05:44.881348 [info] - Rank compitable, loading table
0000065 | 2018-05-17, 17:05:44.881609 [info] - Loading Boltzmann/Qg2Qg/rate/tensor
0000066 | 2018-05-17, 17:05:44.881697 [info] - Rank compitable, loading table
0000067 | 2018-05-17, 17:05:44.882375 [info] - Loading Boltzmann/Qq2Qqg/xsection/fmax
0000068 | 2018-05-17, 17:05:44.882478 [info] - Rank compitable, loading table
0000069 | 2018-05-17, 17:05:44.882669 [info] - Loading Boltzmann/Qq2Qqg/xsection/scalar
0000070 | 2018-05-17, 17:05:44.882781 [info] - Rank compitable, loading table
0000071 | 2018-05-17, 17:05:44.883006 [info] - Loading Boltzmann/Qq2Qqg/xsection/vector
0000072 | 2018-05-17, 17:05:44.883150 [info] - Rank compitable, loading table
0000073 | 2018-05-17, 17:05:44.883634 [info] - Loading Boltzmann/Qq2Qqg/xsection/tensor
0000074 | 2018-05-17, 17:05:44.883770 [info] - Rank compitable, loading table
0000075 | 2018-05-17, 17:05:44.884923 [info] - Loading Boltzmann/Qq2Qqg/rate/fmax
0000076 | 2018-05-17, 17:05:44.885061 [info] - Rank compitable, loading table
0000077 | 2018-05-17, 17:05:44.885236 [info] - Loading Boltzmann/Qq2Qqg/rate/scalar
0000078 | 2018-05-17, 17:05:44.885350 [info] - Rank compitable, loading table
0000079 | 2018-05-17, 17:05:44.885533 [info] - Loading Boltzmann/Qq2Qqg/rate/vector
0000080 | 2018-05-17, 17:05:44.885675 [info] - Rank compitable, loading table
0000081 | 2018-05-17, 17:05:44.886220 [info] - Loading Boltzmann/Qq2Qqg/rate/tensor
0000082 | 2018-05-17, 17:05:44.886470 [info] - Rank compitable, loading table
0000083 | 2018-05-17, 17:05:44.888039 [info] - Loading Boltzmann/Qg2Qgg/xsection/fmax
0000084 | 2018-05-17, 17:05:44.888298 [info] - Rank compitable, loading table
0000085 | 2018-05-17, 17:05:44.888561 [info] - Loading Boltzmann/Qg2Qgg/xsection/scalar
0000086 | 2018-05-17, 17:05:44.888693 [info] - Rank compitable, loading table
0000087 | 2018-05-17, 17:05:44.888933 [info] - Loading Boltzmann/Qg2Qgg/xsection/vector
0000088 | 2018-05-17, 17:05:44.889061 [info] - Rank compitable, loading table
0000089 | 2018-05-17, 17:05:44.889367 [info] - Loading Boltzmann/Qg2Qgg/xsection/tensor
0000090 | 2018-05-17, 17:05:44.889497 [info] - Rank compitable, loading table
0000091 | 2018-05-17, 17:05:44.890586 [info] - Loading Boltzmann/Qg2Qgg/rate/fmax
0000092 | 2018-05-17, 17:05:44.890718 [info] - Rank compitable, loading table
0000093 | 2018-05-17, 17:05:44.890910 [info] - Loading Boltzmann/Qg2Qgg/rate/scalar
0000094 | 2018-05-17, 17:05:44.891013 [info] - Rank compitable, loading table
0000095 | 2018-05-17, 17:05:44.891188 [info] - Loading Boltzmann/Qg2Qgg/rate/vector
0000096 | 2018-05-17, 17:05:44.891308 [info] - Rank compitable, loading table
0000097 | 2018-05-17, 17:05:44.891677 [info] - Loading Boltzmann/Qg2Qgg/rate/tensor
0000098 | 2018-05-17, 17:05:44.891797 [info] - Rank compitable, loading table
